ERROR - 2022-11-07 00:01:40 --> mysqli_sql_exception: Column 'bagian_id' cannot be null in C:\Users\s3rvantin\Documents\wp2\asdasd\vendor\codeigniter4\framework\system\Database\MySQLi\Connection.php:292
Stack trace:
#0 C:\Users\s3rvantin\Documents\wp2\asdasd\vendor\codeigniter4\framework\system\Database\MySQLi\Connection.php(292): mysqli->query()
#1 C:\Users\s3rvantin\Documents\wp2\asdasd\vendor\codeigniter4\framework\system\Database\BaseConnection.php(693): CodeIgniter\Database\MySQLi\Connection->execute()
#2 C:\Users\s3rvantin\Documents\wp2\asdasd\vendor\codeigniter4\framework\system\Database\BaseConnection.php(620): CodeIgniter\Database\BaseConnection->simpleQuery()
#3 C:\Users\s3rvantin\Documents\wp2\asdasd\vendor\codeigniter4\framework\system\Database\BaseBuilder.php(1916): CodeIgniter\Database\BaseConnection->query()
#4 C:\Users\s3rvantin\Documents\wp2\asdasd\vendor\codeigniter4\framework\system\Model.php(279): CodeIgniter\Database\BaseBuilder->insert()
#5 C:\Users\s3rvantin\Documents\wp2\asdasd\vendor\codeigniter4\framework\system\BaseModel.php(748): CodeIgniter\Model->doInsert()
#6 C:\Users\s3rvantin\Documents\wp2\asdasd\vendor\codeigniter4\framework\system\Model.php(667): CodeIgniter\BaseModel->insert()
#7 C:\Users\s3rvantin\Documents\wp2\asdasd\app\Controllers\PegawaiController.php(112): CodeIgniter\Model->insert()
#8 C:\Users\s3rvantin\Documents\wp2\asdasd\vendor\codeigniter4\framework\system\CodeIgniter.php(902): App\Controllers\PegawaiController->store()
#9 C:\Users\s3rvantin\Documents\wp2\asdasd\vendor\codeigniter4\framework\system\CodeIgniter.php(457): CodeIgniter\CodeIgniter->runController()
#10 C:\Users\s3rvantin\Documents\wp2\asdasd\vendor\codeigniter4\framework\system\CodeIgniter.php(340): CodeIgniter\CodeIgniter->handleRequest()
#11 C:\Users\s3rvantin\Documents\wp2\asdasd\public\index.php(67): CodeIgniter\CodeIgniter->run()
#12 C:\Users\s3rvantin\Documents\wp2\asdasd\vendor\codeigniter4\framework\system\Commands\Server\rewrite.php(46): require_once('...')
#13 {main}
CRITICAL - 2022-11-07 00:01:40 --> Column 'bagian_id' cannot be null
in SYSTEMPATH\Database\MySQLi\Connection.php on line 292.
 1 SYSTEMPATH\Database\MySQLi\Connection.php(292): mysqli->query()
 2 SYSTEMPATH\Database\BaseConnection.php(693): CodeIgniter\Database\MySQLi\Connection->execute()
 3 SYSTEMPATH\Database\BaseConnection.php(620): CodeIgniter\Database\BaseConnection->simpleQuery()
 4 SYSTEMPATH\Database\BaseBuilder.php(1916): CodeIgniter\Database\BaseConnection->query()
 5 SYSTEMPATH\Model.php(279): CodeIgniter\Database\BaseBuilder->insert()
 6 SYSTEMPATH\BaseModel.php(748): CodeIgniter\Model->doInsert()
 7 SYSTEMPATH\Model.php(667): CodeIgniter\BaseModel->insert()
 8 APPPATH\Controllers\PegawaiController.php(112): CodeIgniter\Model->insert()
 9 SYSTEMPATH\CodeIgniter.php(902): App\Controllers\PegawaiController->store()
10 SYSTEMPATH\CodeIgniter.php(457): CodeIgniter\CodeIgniter->runController()
11 SYSTEMPATH\CodeIgniter.php(340): CodeIgniter\CodeIgniter->handleRequest()
12 FCPATH\index.php(67): CodeIgniter\CodeIgniter->run()
13 SYSTEMPATH\Commands\Server\rewrite.php(46): require_once('FCPATH\\index.php')
ERROR - 2022-11-07 00:02:34 --> mysqli_sql_exception: Column 'bagian_id' cannot be null in C:\Users\s3rvantin\Documents\wp2\asdasd\vendor\codeigniter4\framework\system\Database\MySQLi\Connection.php:292
Stack trace:
#0 C:\Users\s3rvantin\Documents\wp2\asdasd\vendor\codeigniter4\framework\system\Database\MySQLi\Connection.php(292): mysqli->query()
#1 C:\Users\s3rvantin\Documents\wp2\asdasd\vendor\codeigniter4\framework\system\Database\BaseConnection.php(693): CodeIgniter\Database\MySQLi\Connection->execute()
#2 C:\Users\s3rvantin\Documents\wp2\asdasd\vendor\codeigniter4\framework\system\Database\BaseConnection.php(620): CodeIgniter\Database\BaseConnection->simpleQuery()
#3 C:\Users\s3rvantin\Documents\wp2\asdasd\vendor\codeigniter4\framework\system\Database\BaseBuilder.php(1916): CodeIgniter\Database\BaseConnection->query()
#4 C:\Users\s3rvantin\Documents\wp2\asdasd\vendor\codeigniter4\framework\system\Model.php(279): CodeIgniter\Database\BaseBuilder->insert()
#5 C:\Users\s3rvantin\Documents\wp2\asdasd\vendor\codeigniter4\framework\system\BaseModel.php(748): CodeIgniter\Model->doInsert()
#6 C:\Users\s3rvantin\Documents\wp2\asdasd\vendor\codeigniter4\framework\system\Model.php(667): CodeIgniter\BaseModel->insert()
#7 C:\Users\s3rvantin\Documents\wp2\asdasd\app\Controllers\PegawaiController.php(112): CodeIgniter\Model->insert()
#8 C:\Users\s3rvantin\Documents\wp2\asdasd\vendor\codeigniter4\framework\system\CodeIgniter.php(902): App\Controllers\PegawaiController->store()
#9 C:\Users\s3rvantin\Documents\wp2\asdasd\vendor\codeigniter4\framework\system\CodeIgniter.php(457): CodeIgniter\CodeIgniter->runController()
#10 C:\Users\s3rvantin\Documents\wp2\asdasd\vendor\codeigniter4\framework\system\CodeIgniter.php(340): CodeIgniter\CodeIgniter->handleRequest()
#11 C:\Users\s3rvantin\Documents\wp2\asdasd\public\index.php(67): CodeIgniter\CodeIgniter->run()
#12 C:\Users\s3rvantin\Documents\wp2\asdasd\vendor\codeigniter4\framework\system\Commands\Server\rewrite.php(46): require_once('...')
#13 {main}
CRITICAL - 2022-11-07 00:02:34 --> Column 'bagian_id' cannot be null
in SYSTEMPATH\Database\MySQLi\Connection.php on line 292.
 1 SYSTEMPATH\Database\MySQLi\Connection.php(292): mysqli->query()
 2 SYSTEMPATH\Database\BaseConnection.php(693): CodeIgniter\Database\MySQLi\Connection->execute()
 3 SYSTEMPATH\Database\BaseConnection.php(620): CodeIgniter\Database\BaseConnection->simpleQuery()
 4 SYSTEMPATH\Database\BaseBuilder.php(1916): CodeIgniter\Database\BaseConnection->query()
 5 SYSTEMPATH\Model.php(279): CodeIgniter\Database\BaseBuilder->insert()
 6 SYSTEMPATH\BaseModel.php(748): CodeIgniter\Model->doInsert()
 7 SYSTEMPATH\Model.php(667): CodeIgniter\BaseModel->insert()
 8 APPPATH\Controllers\PegawaiController.php(112): CodeIgniter\Model->insert()
 9 SYSTEMPATH\CodeIgniter.php(902): App\Controllers\PegawaiController->store()
10 SYSTEMPATH\CodeIgniter.php(457): CodeIgniter\CodeIgniter->runController()
11 SYSTEMPATH\CodeIgniter.php(340): CodeIgniter\CodeIgniter->handleRequest()
12 FCPATH\index.php(67): CodeIgniter\CodeIgniter->run()
13 SYSTEMPATH\Commands\Server\rewrite.php(46): require_once('FCPATH\\index.php')
CRITICAL - 2022-11-07 00:15:25 --> password_hash(): Passing null to parameter #1 ($password) of type string is deprecated
in APPPATH\Controllers\PegawaiController.php on line 112.
 1 [internal function]: CodeIgniter\Debug\Exceptions->errorHandler()
 2 APPPATH\Controllers\PegawaiController.php(112): password_hash()
 3 SYSTEMPATH\CodeIgniter.php(902): App\Controllers\PegawaiController->store()
 4 SYSTEMPATH\CodeIgniter.php(457): CodeIgniter\CodeIgniter->runController()
 5 SYSTEMPATH\CodeIgniter.php(340): CodeIgniter\CodeIgniter->handleRequest()
 6 FCPATH\index.php(67): CodeIgniter\CodeIgniter->run()
 7 SYSTEMPATH\Commands\Server\rewrite.php(46): require_once('FCPATH\\index.php')
ERROR - 2022-11-07 15:13:54 --> mysqli_sql_exception: Unknown column 'nama' in 'field list' in C:\Users\s3rvantin\Documents\wp2\asdasd\vendor\codeigniter4\framework\system\Database\MySQLi\Connection.php:292
Stack trace:
#0 C:\Users\s3rvantin\Documents\wp2\asdasd\vendor\codeigniter4\framework\system\Database\MySQLi\Connection.php(292): mysqli->query()
#1 C:\Users\s3rvantin\Documents\wp2\asdasd\vendor\codeigniter4\framework\system\Database\BaseConnection.php(693): CodeIgniter\Database\MySQLi\Connection->execute()
#2 C:\Users\s3rvantin\Documents\wp2\asdasd\vendor\codeigniter4\framework\system\Database\BaseConnection.php(620): CodeIgniter\Database\BaseConnection->simpleQuery()
#3 C:\Users\s3rvantin\Documents\wp2\asdasd\vendor\codeigniter4\framework\system\Database\BaseBuilder.php(2079): CodeIgniter\Database\BaseConnection->query()
#4 C:\Users\s3rvantin\Documents\wp2\asdasd\vendor\codeigniter4\framework\system\Model.php(338): CodeIgniter\Database\BaseBuilder->update()
#5 C:\Users\s3rvantin\Documents\wp2\asdasd\vendor\codeigniter4\framework\system\BaseModel.php(885): CodeIgniter\Model->doUpdate()
#6 C:\Users\s3rvantin\Documents\wp2\asdasd\vendor\codeigniter4\framework\system\Model.php(693): CodeIgniter\BaseModel->update()
#7 C:\Users\s3rvantin\Documents\wp2\asdasd\app\Controllers\PegawaiController.php(140): CodeIgniter\Model->update()
#8 C:\Users\s3rvantin\Documents\wp2\asdasd\vendor\codeigniter4\framework\system\CodeIgniter.php(902): App\Controllers\PegawaiController->update()
#9 C:\Users\s3rvantin\Documents\wp2\asdasd\vendor\codeigniter4\framework\system\CodeIgniter.php(457): CodeIgniter\CodeIgniter->runController()
#10 C:\Users\s3rvantin\Documents\wp2\asdasd\vendor\codeigniter4\framework\system\CodeIgniter.php(340): CodeIgniter\CodeIgniter->handleRequest()
#11 C:\Users\s3rvantin\Documents\wp2\asdasd\public\index.php(67): CodeIgniter\CodeIgniter->run()
#12 C:\Users\s3rvantin\Documents\wp2\asdasd\vendor\codeigniter4\framework\system\Commands\Server\rewrite.php(46): require_once('...')
#13 {main}
CRITICAL - 2022-11-07 15:13:54 --> Unknown column 'nama' in 'field list'
in SYSTEMPATH\Database\MySQLi\Connection.php on line 292.
 1 SYSTEMPATH\Database\MySQLi\Connection.php(292): mysqli->query()
 2 SYSTEMPATH\Database\BaseConnection.php(693): CodeIgniter\Database\MySQLi\Connection->execute()
 3 SYSTEMPATH\Database\BaseConnection.php(620): CodeIgniter\Database\BaseConnection->simpleQuery()
 4 SYSTEMPATH\Database\BaseBuilder.php(2079): CodeIgniter\Database\BaseConnection->query()
 5 SYSTEMPATH\Model.php(338): CodeIgniter\Database\BaseBuilder->update()
 6 SYSTEMPATH\BaseModel.php(885): CodeIgniter\Model->doUpdate()
 7 SYSTEMPATH\Model.php(693): CodeIgniter\BaseModel->update()
 8 APPPATH\Controllers\PegawaiController.php(140): CodeIgniter\Model->update()
 9 SYSTEMPATH\CodeIgniter.php(902): App\Controllers\PegawaiController->update()
10 SYSTEMPATH\CodeIgniter.php(457): CodeIgniter\CodeIgniter->runController()
11 SYSTEMPATH\CodeIgniter.php(340): CodeIgniter\CodeIgniter->handleRequest()
12 FCPATH\index.php(67): CodeIgniter\CodeIgniter->run()
13 SYSTEMPATH\Commands\Server\rewrite.php(46): require_once('FCPATH\\index.php')
ERROR - 2022-11-07 15:14:15 --> mysqli_sql_exception: Unknown column 'nama' in 'field list' in C:\Users\s3rvantin\Documents\wp2\asdasd\vendor\codeigniter4\framework\system\Database\MySQLi\Connection.php:292
Stack trace:
#0 C:\Users\s3rvantin\Documents\wp2\asdasd\vendor\codeigniter4\framework\system\Database\MySQLi\Connection.php(292): mysqli->query()
#1 C:\Users\s3rvantin\Documents\wp2\asdasd\vendor\codeigniter4\framework\system\Database\BaseConnection.php(693): CodeIgniter\Database\MySQLi\Connection->execute()
#2 C:\Users\s3rvantin\Documents\wp2\asdasd\vendor\codeigniter4\framework\system\Database\BaseConnection.php(620): CodeIgniter\Database\BaseConnection->simpleQuery()
#3 C:\Users\s3rvantin\Documents\wp2\asdasd\vendor\codeigniter4\framework\system\Database\BaseBuilder.php(2079): CodeIgniter\Database\BaseConnection->query()
#4 C:\Users\s3rvantin\Documents\wp2\asdasd\vendor\codeigniter4\framework\system\Model.php(338): CodeIgniter\Database\BaseBuilder->update()
#5 C:\Users\s3rvantin\Documents\wp2\asdasd\vendor\codeigniter4\framework\system\BaseModel.php(885): CodeIgniter\Model->doUpdate()
#6 C:\Users\s3rvantin\Documents\wp2\asdasd\vendor\codeigniter4\framework\system\Model.php(693): CodeIgniter\BaseModel->update()
#7 C:\Users\s3rvantin\Documents\wp2\asdasd\app\Controllers\PegawaiController.php(140): CodeIgniter\Model->update()
#8 C:\Users\s3rvantin\Documents\wp2\asdasd\vendor\codeigniter4\framework\system\CodeIgniter.php(902): App\Controllers\PegawaiController->update()
#9 C:\Users\s3rvantin\Documents\wp2\asdasd\vendor\codeigniter4\framework\system\CodeIgniter.php(457): CodeIgniter\CodeIgniter->runController()
#10 C:\Users\s3rvantin\Documents\wp2\asdasd\vendor\codeigniter4\framework\system\CodeIgniter.php(340): CodeIgniter\CodeIgniter->handleRequest()
#11 C:\Users\s3rvantin\Documents\wp2\asdasd\public\index.php(67): CodeIgniter\CodeIgniter->run()
#12 C:\Users\s3rvantin\Documents\wp2\asdasd\vendor\codeigniter4\framework\system\Commands\Server\rewrite.php(46): require_once('...')
#13 {main}
CRITICAL - 2022-11-07 15:14:15 --> Unknown column 'nama' in 'field list'
in SYSTEMPATH\Database\MySQLi\Connection.php on line 292.
 1 SYSTEMPATH\Database\MySQLi\Connection.php(292): mysqli->query()
 2 SYSTEMPATH\Database\BaseConnection.php(693): CodeIgniter\Database\MySQLi\Connection->execute()
 3 SYSTEMPATH\Database\BaseConnection.php(620): CodeIgniter\Database\BaseConnection->simpleQuery()
 4 SYSTEMPATH\Database\BaseBuilder.php(2079): CodeIgniter\Database\BaseConnection->query()
 5 SYSTEMPATH\Model.php(338): CodeIgniter\Database\BaseBuilder->update()
 6 SYSTEMPATH\BaseModel.php(885): CodeIgniter\Model->doUpdate()
 7 SYSTEMPATH\Model.php(693): CodeIgniter\BaseModel->update()
 8 APPPATH\Controllers\PegawaiController.php(140): CodeIgniter\Model->update()
 9 SYSTEMPATH\CodeIgniter.php(902): App\Controllers\PegawaiController->update()
10 SYSTEMPATH\CodeIgniter.php(457): CodeIgniter\CodeIgniter->runController()
11 SYSTEMPATH\CodeIgniter.php(340): CodeIgniter\CodeIgniter->handleRequest()
12 FCPATH\index.php(67): CodeIgniter\CodeIgniter->run()
13 SYSTEMPATH\Commands\Server\rewrite.php(46): require_once('FCPATH\\index.php')
ERROR - 2022-11-07 15:59:02 --> mysqli_sql_exception: Cannot add or update a child row: a foreign key constraint fails (`db_sekolah`.`pendidikan_guru`, CONSTRAINT `pendidikan_guru_pegawai_id_foreign` FOREIGN KEY (`pegawai_id`) REFERENCES `pegawai` (`id`) ON DELETE CASCADE ON UPDATE CASCADE) in C:\Users\s3rvantin\Documents\wp2\asdasd\vendor\codeigniter4\framework\system\Database\MySQLi\Connection.php:292
Stack trace:
#0 C:\Users\s3rvantin\Documents\wp2\asdasd\vendor\codeigniter4\framework\system\Database\MySQLi\Connection.php(292): mysqli->query()
#1 C:\Users\s3rvantin\Documents\wp2\asdasd\vendor\codeigniter4\framework\system\Database\BaseConnection.php(693): CodeIgniter\Database\MySQLi\Connection->execute()
#2 C:\Users\s3rvantin\Documents\wp2\asdasd\vendor\codeigniter4\framework\system\Database\BaseConnection.php(620): CodeIgniter\Database\BaseConnection->simpleQuery()
#3 C:\Users\s3rvantin\Documents\wp2\asdasd\vendor\codeigniter4\framework\system\Database\BaseBuilder.php(1916): CodeIgniter\Database\BaseConnection->query()
#4 C:\Users\s3rvantin\Documents\wp2\asdasd\vendor\codeigniter4\framework\system\Model.php(279): CodeIgniter\Database\BaseBuilder->insert()
#5 C:\Users\s3rvantin\Documents\wp2\asdasd\vendor\codeigniter4\framework\system\BaseModel.php(748): CodeIgniter\Model->doInsert()
#6 C:\Users\s3rvantin\Documents\wp2\asdasd\vendor\codeigniter4\framework\system\Model.php(667): CodeIgniter\BaseModel->insert()
#7 C:\Users\s3rvantin\Documents\wp2\asdasd\app\Controllers\PendidikanGuruController.php(39): CodeIgniter\Model->insert()
#8 C:\Users\s3rvantin\Documents\wp2\asdasd\vendor\codeigniter4\framework\system\CodeIgniter.php(902): App\Controllers\PendidikanGuruController->store()
#9 C:\Users\s3rvantin\Documents\wp2\asdasd\vendor\codeigniter4\framework\system\CodeIgniter.php(457): CodeIgniter\CodeIgniter->runController()
#10 C:\Users\s3rvantin\Documents\wp2\asdasd\vendor\codeigniter4\framework\system\CodeIgniter.php(340): CodeIgniter\CodeIgniter->handleRequest()
#11 C:\Users\s3rvantin\Documents\wp2\asdasd\public\index.php(67): CodeIgniter\CodeIgniter->run()
#12 C:\Users\s3rvantin\Documents\wp2\asdasd\vendor\codeigniter4\framework\system\Commands\Server\rewrite.php(46): require_once('...')
#13 {main}
CRITICAL - 2022-11-07 15:59:02 --> Cannot add or update a child row: a foreign key constraint fails (`db_sekolah`.`pendidikan_guru`, CONSTRAINT `pendidikan_guru_pegawai_id_foreign` FOREIGN KEY (`pegawai_id`) REFERENCES `pegawai` (`id`) ON DELETE CASCADE ON UPDATE CASCADE)
in SYSTEMPATH\Database\MySQLi\Connection.php on line 292.
 1 SYSTEMPATH\Database\MySQLi\Connection.php(292): mysqli->query()
 2 SYSTEMPATH\Database\BaseConnection.php(693): CodeIgniter\Database\MySQLi\Connection->execute()
 3 SYSTEMPATH\Database\BaseConnection.php(620): CodeIgniter\Database\BaseConnection->simpleQuery()
 4 SYSTEMPATH\Database\BaseBuilder.php(1916): CodeIgniter\Database\BaseConnection->query()
 5 SYSTEMPATH\Model.php(279): CodeIgniter\Database\BaseBuilder->insert()
 6 SYSTEMPATH\BaseModel.php(748): CodeIgniter\Model->doInsert()
 7 SYSTEMPATH\Model.php(667): CodeIgniter\BaseModel->insert()
 8 APPPATH\Controllers\PendidikanGuruController.php(39): CodeIgniter\Model->insert()
 9 SYSTEMPATH\CodeIgniter.php(902): App\Controllers\PendidikanGuruController->store()
10 SYSTEMPATH\CodeIgniter.php(457): CodeIgniter\CodeIgniter->runController()
11 SYSTEMPATH\CodeIgniter.php(340): CodeIgniter\CodeIgniter->handleRequest()
12 FCPATH\index.php(67): CodeIgniter\CodeIgniter->run()
13 SYSTEMPATH\Commands\Server\rewrite.php(46): require_once('FCPATH\\index.php')
ERROR - 2022-11-07 17:09:23 --> mysqli_sql_exception: Duplicate entry '2022' for key 'thn_masuk' in C:\Users\s3rvantin\Documents\wp2\asdasd\vendor\codeigniter4\framework\system\Database\MySQLi\Connection.php:292
Stack trace:
#0 C:\Users\s3rvantin\Documents\wp2\asdasd\vendor\codeigniter4\framework\system\Database\MySQLi\Connection.php(292): mysqli->query()
#1 C:\Users\s3rvantin\Documents\wp2\asdasd\vendor\codeigniter4\framework\system\Database\BaseConnection.php(693): CodeIgniter\Database\MySQLi\Connection->execute()
#2 C:\Users\s3rvantin\Documents\wp2\asdasd\vendor\codeigniter4\framework\system\Database\BaseConnection.php(620): CodeIgniter\Database\BaseConnection->simpleQuery()
#3 C:\Users\s3rvantin\Documents\wp2\asdasd\vendor\codeigniter4\framework\system\Database\BaseBuilder.php(1916): CodeIgniter\Database\BaseConnection->query()
#4 C:\Users\s3rvantin\Documents\wp2\asdasd\vendor\codeigniter4\framework\system\Model.php(279): CodeIgniter\Database\BaseBuilder->insert()
#5 C:\Users\s3rvantin\Documents\wp2\asdasd\vendor\codeigniter4\framework\system\BaseModel.php(748): CodeIgniter\Model->doInsert()
#6 C:\Users\s3rvantin\Documents\wp2\asdasd\vendor\codeigniter4\framework\system\Model.php(667): CodeIgniter\BaseModel->insert()
#7 C:\Users\s3rvantin\Documents\wp2\asdasd\app\Controllers\SiswaController.php(54): CodeIgniter\Model->insert()
#8 C:\Users\s3rvantin\Documents\wp2\asdasd\vendor\codeigniter4\framework\system\CodeIgniter.php(902): App\Controllers\SiswaController->store()
#9 C:\Users\s3rvantin\Documents\wp2\asdasd\vendor\codeigniter4\framework\system\CodeIgniter.php(457): CodeIgniter\CodeIgniter->runController()
#10 C:\Users\s3rvantin\Documents\wp2\asdasd\vendor\codeigniter4\framework\system\CodeIgniter.php(340): CodeIgniter\CodeIgniter->handleRequest()
#11 C:\Users\s3rvantin\Documents\wp2\asdasd\public\index.php(67): CodeIgniter\CodeIgniter->run()
#12 C:\Users\s3rvantin\Documents\wp2\asdasd\vendor\codeigniter4\framework\system\Commands\Server\rewrite.php(46): require_once('...')
#13 {main}
CRITICAL - 2022-11-07 17:09:23 --> Duplicate entry '2022' for key 'thn_masuk'
in SYSTEMPATH\Database\MySQLi\Connection.php on line 292.
 1 SYSTEMPATH\Database\MySQLi\Connection.php(292): mysqli->query()
 2 SYSTEMPATH\Database\BaseConnection.php(693): CodeIgniter\Database\MySQLi\Connection->execute()
 3 SYSTEMPATH\Database\BaseConnection.php(620): CodeIgniter\Database\BaseConnection->simpleQuery()
 4 SYSTEMPATH\Database\BaseBuilder.php(1916): CodeIgniter\Database\BaseConnection->query()
 5 SYSTEMPATH\Model.php(279): CodeIgniter\Database\BaseBuilder->insert()
 6 SYSTEMPATH\BaseModel.php(748): CodeIgniter\Model->doInsert()
 7 SYSTEMPATH\Model.php(667): CodeIgniter\BaseModel->insert()
 8 APPPATH\Controllers\SiswaController.php(54): CodeIgniter\Model->insert()
 9 SYSTEMPATH\CodeIgniter.php(902): App\Controllers\SiswaController->store()
10 SYSTEMPATH\CodeIgniter.php(457): CodeIgniter\CodeIgniter->runController()
11 SYSTEMPATH\CodeIgniter.php(340): CodeIgniter\CodeIgniter->handleRequest()
12 FCPATH\index.php(67): CodeIgniter\CodeIgniter->run()
13 SYSTEMPATH\Commands\Server\rewrite.php(46): require_once('FCPATH\\index.php')
