ERROR - 2022-10-02 13:56:18 --> mysqli_sql_exception: Can't create table `sekolah`.`arsip` (errno: 150 "Foreign key constraint is incorrectly formed") in C:\Users\s3rvantin\Documents\wp2\sekolah\vendor\codeigniter4\framework\system\Database\MySQLi\Connection.php:292
Stack trace:
#0 C:\Users\s3rvantin\Documents\wp2\sekolah\vendor\codeigniter4\framework\system\Database\MySQLi\Connection.php(292): mysqli->query()
#1 C:\Users\s3rvantin\Documents\wp2\sekolah\vendor\codeigniter4\framework\system\Database\BaseConnection.php(693): CodeIgniter\Database\MySQLi\Connection->execute()
#2 C:\Users\s3rvantin\Documents\wp2\sekolah\vendor\codeigniter4\framework\system\Database\BaseConnection.php(620): CodeIgniter\Database\BaseConnection->simpleQuery()
#3 C:\Users\s3rvantin\Documents\wp2\sekolah\vendor\codeigniter4\framework\system\Database\Forge.php(509): CodeIgniter\Database\BaseConnection->query()
#4 C:\Users\s3rvantin\Documents\wp2\sekolah\app\Database\Migrations\2022-10-02-183322_Arsip.php(26): CodeIgniter\Database\Forge->createTable()
#5 C:\Users\s3rvantin\Documents\wp2\sekolah\vendor\codeigniter4\framework\system\Database\MigrationRunner.php(868): App\Database\Migrations\Arsip->up()
#6 C:\Users\s3rvantin\Documents\wp2\sekolah\vendor\codeigniter4\framework\system\Database\MigrationRunner.php(187): CodeIgniter\Database\MigrationRunner->migrate()
#7 C:\Users\s3rvantin\Documents\wp2\sekolah\vendor\codeigniter4\framework\system\Commands\Database\Migrate.php(84): CodeIgniter\Database\MigrationRunner->latest()
#8 C:\Users\s3rvantin\Documents\wp2\sekolah\vendor\codeigniter4\framework\system\CLI\Commands.php(63): CodeIgniter\Commands\Database\Migrate->run()
#9 C:\Users\s3rvantin\Documents\wp2\sekolah\vendor\codeigniter4\framework\system\CLI\CommandRunner.php(65): CodeIgniter\CLI\Commands->run()
#10 C:\Users\s3rvantin\Documents\wp2\sekolah\vendor\codeigniter4\framework\system\CLI\CommandRunner.php(51): CodeIgniter\CLI\CommandRunner->index()
#11 C:\Users\s3rvantin\Documents\wp2\sekolah\vendor\codeigniter4\framework\system\CodeIgniter.php(900): CodeIgniter\CLI\CommandRunner->_remap()
#12 C:\Users\s3rvantin\Documents\wp2\sekolah\vendor\codeigniter4\framework\system\CodeIgniter.php(457): CodeIgniter\CodeIgniter->runController()
#13 C:\Users\s3rvantin\Documents\wp2\sekolah\vendor\codeigniter4\framework\system\CodeIgniter.php(336): CodeIgniter\CodeIgniter->handleRequest()
#14 C:\Users\s3rvantin\Documents\wp2\sekolah\vendor\codeigniter4\framework\system\CLI\Console.php(48): CodeIgniter\CodeIgniter->run()
#15 C:\Users\s3rvantin\Documents\wp2\sekolah\spark(98): CodeIgniter\CLI\Console->run()
#16 {main}
ERROR - 2022-10-02 13:56:40 --> mysqli_sql_exception: Unknown table 'sekolah.arsip' in C:\Users\s3rvantin\Documents\wp2\sekolah\vendor\codeigniter4\framework\system\Database\MySQLi\Connection.php:292
Stack trace:
#0 C:\Users\s3rvantin\Documents\wp2\sekolah\vendor\codeigniter4\framework\system\Database\MySQLi\Connection.php(292): mysqli->query()
#1 C:\Users\s3rvantin\Documents\wp2\sekolah\vendor\codeigniter4\framework\system\Database\BaseConnection.php(693): CodeIgniter\Database\MySQLi\Connection->execute()
#2 C:\Users\s3rvantin\Documents\wp2\sekolah\vendor\codeigniter4\framework\system\Database\BaseConnection.php(620): CodeIgniter\Database\BaseConnection->simpleQuery()
#3 C:\Users\s3rvantin\Documents\wp2\sekolah\vendor\codeigniter4\framework\system\Database\Forge.php(600): CodeIgniter\Database\BaseConnection->query()
#4 C:\Users\s3rvantin\Documents\wp2\sekolah\app\Database\Migrations\2022-10-02-183322_Arsip.php(32): CodeIgniter\Database\Forge->dropTable()
#5 C:\Users\s3rvantin\Documents\wp2\sekolah\vendor\codeigniter4\framework\system\Database\MigrationRunner.php(868): App\Database\Migrations\Arsip->down()
#6 C:\Users\s3rvantin\Documents\wp2\sekolah\vendor\codeigniter4\framework\system\Database\MigrationRunner.php(298): CodeIgniter\Database\MigrationRunner->migrate()
#7 C:\Users\s3rvantin\Documents\wp2\sekolah\vendor\codeigniter4\framework\system\Commands\Database\MigrateRollback.php(92): CodeIgniter\Database\MigrationRunner->regress()
#8 C:\Users\s3rvantin\Documents\wp2\sekolah\vendor\codeigniter4\framework\system\CLI\Commands.php(63): CodeIgniter\Commands\Database\MigrateRollback->run()
#9 C:\Users\s3rvantin\Documents\wp2\sekolah\vendor\codeigniter4\framework\system\CLI\BaseCommand.php(112): CodeIgniter\CLI\Commands->run()
#10 C:\Users\s3rvantin\Documents\wp2\sekolah\vendor\codeigniter4\framework\system\Commands\Database\MigrateRefresh.php(84): CodeIgniter\CLI\BaseCommand->call()
#11 C:\Users\s3rvantin\Documents\wp2\sekolah\vendor\codeigniter4\framework\system\CLI\Commands.php(63): CodeIgniter\Commands\Database\MigrateRefresh->run()
#12 C:\Users\s3rvantin\Documents\wp2\sekolah\vendor\codeigniter4\framework\system\CLI\CommandRunner.php(65): CodeIgniter\CLI\Commands->run()
#13 C:\Users\s3rvantin\Documents\wp2\sekolah\vendor\codeigniter4\framework\system\CLI\CommandRunner.php(51): CodeIgniter\CLI\CommandRunner->index()
#14 C:\Users\s3rvantin\Documents\wp2\sekolah\vendor\codeigniter4\framework\system\CodeIgniter.php(900): CodeIgniter\CLI\CommandRunner->_remap()
#15 C:\Users\s3rvantin\Documents\wp2\sekolah\vendor\codeigniter4\framework\system\CodeIgniter.php(457): CodeIgniter\CodeIgniter->runController()
#16 C:\Users\s3rvantin\Documents\wp2\sekolah\vendor\codeigniter4\framework\system\CodeIgniter.php(336): CodeIgniter\CodeIgniter->handleRequest()
#17 C:\Users\s3rvantin\Documents\wp2\sekolah\vendor\codeigniter4\framework\system\CLI\Console.php(48): CodeIgniter\CodeIgniter->run()
#18 C:\Users\s3rvantin\Documents\wp2\sekolah\spark(98): CodeIgniter\CLI\Console->run()
#19 {main}
ERROR - 2022-10-02 13:56:41 --> mysqli_sql_exception: Can't create table `sekolah`.`arsip` (errno: 150 "Foreign key constraint is incorrectly formed") in C:\Users\s3rvantin\Documents\wp2\sekolah\vendor\codeigniter4\framework\system\Database\MySQLi\Connection.php:292
Stack trace:
#0 C:\Users\s3rvantin\Documents\wp2\sekolah\vendor\codeigniter4\framework\system\Database\MySQLi\Connection.php(292): mysqli->query()
#1 C:\Users\s3rvantin\Documents\wp2\sekolah\vendor\codeigniter4\framework\system\Database\BaseConnection.php(693): CodeIgniter\Database\MySQLi\Connection->execute()
#2 C:\Users\s3rvantin\Documents\wp2\sekolah\vendor\codeigniter4\framework\system\Database\BaseConnection.php(620): CodeIgniter\Database\BaseConnection->simpleQuery()
#3 C:\Users\s3rvantin\Documents\wp2\sekolah\vendor\codeigniter4\framework\system\Database\Forge.php(509): CodeIgniter\Database\BaseConnection->query()
#4 C:\Users\s3rvantin\Documents\wp2\sekolah\app\Database\Migrations\2022-10-02-183322_Arsip.php(26): CodeIgniter\Database\Forge->createTable()
#5 C:\Users\s3rvantin\Documents\wp2\sekolah\vendor\codeigniter4\framework\system\Database\MigrationRunner.php(868): App\Database\Migrations\Arsip->up()
#6 C:\Users\s3rvantin\Documents\wp2\sekolah\vendor\codeigniter4\framework\system\Database\MigrationRunner.php(187): CodeIgniter\Database\MigrationRunner->migrate()
#7 C:\Users\s3rvantin\Documents\wp2\sekolah\vendor\codeigniter4\framework\system\Commands\Database\Migrate.php(84): CodeIgniter\Database\MigrationRunner->latest()
#8 C:\Users\s3rvantin\Documents\wp2\sekolah\vendor\codeigniter4\framework\system\CLI\Commands.php(63): CodeIgniter\Commands\Database\Migrate->run()
#9 C:\Users\s3rvantin\Documents\wp2\sekolah\vendor\codeigniter4\framework\system\CLI\BaseCommand.php(112): CodeIgniter\CLI\Commands->run()
#10 C:\Users\s3rvantin\Documents\wp2\sekolah\vendor\codeigniter4\framework\system\Commands\Database\MigrateRefresh.php(85): CodeIgniter\CLI\BaseCommand->call()
#11 C:\Users\s3rvantin\Documents\wp2\sekolah\vendor\codeigniter4\framework\system\CLI\Commands.php(63): CodeIgniter\Commands\Database\MigrateRefresh->run()
#12 C:\Users\s3rvantin\Documents\wp2\sekolah\vendor\codeigniter4\framework\system\CLI\CommandRunner.php(65): CodeIgniter\CLI\Commands->run()
#13 C:\Users\s3rvantin\Documents\wp2\sekolah\vendor\codeigniter4\framework\system\CLI\CommandRunner.php(51): CodeIgniter\CLI\CommandRunner->index()
#14 C:\Users\s3rvantin\Documents\wp2\sekolah\vendor\codeigniter4\framework\system\CodeIgniter.php(900): CodeIgniter\CLI\CommandRunner->_remap()
#15 C:\Users\s3rvantin\Documents\wp2\sekolah\vendor\codeigniter4\framework\system\CodeIgniter.php(457): CodeIgniter\CodeIgniter->runController()
#16 C:\Users\s3rvantin\Documents\wp2\sekolah\vendor\codeigniter4\framework\system\CodeIgniter.php(336): CodeIgniter\CodeIgniter->handleRequest()
#17 C:\Users\s3rvantin\Documents\wp2\sekolah\vendor\codeigniter4\framework\system\CLI\Console.php(48): CodeIgniter\CodeIgniter->run()
#18 C:\Users\s3rvantin\Documents\wp2\sekolah\spark(98): CodeIgniter\CLI\Console->run()
#19 {main}
ERROR - 2022-10-02 13:58:40 --> mysqli_sql_exception: Unknown table 'sekolah.arsip' in C:\Users\s3rvantin\Documents\wp2\sekolah\vendor\codeigniter4\framework\system\Database\MySQLi\Connection.php:292
Stack trace:
#0 C:\Users\s3rvantin\Documents\wp2\sekolah\vendor\codeigniter4\framework\system\Database\MySQLi\Connection.php(292): mysqli->query()
#1 C:\Users\s3rvantin\Documents\wp2\sekolah\vendor\codeigniter4\framework\system\Database\BaseConnection.php(693): CodeIgniter\Database\MySQLi\Connection->execute()
#2 C:\Users\s3rvantin\Documents\wp2\sekolah\vendor\codeigniter4\framework\system\Database\BaseConnection.php(620): CodeIgniter\Database\BaseConnection->simpleQuery()
#3 C:\Users\s3rvantin\Documents\wp2\sekolah\vendor\codeigniter4\framework\system\Database\Forge.php(600): CodeIgniter\Database\BaseConnection->query()
#4 C:\Users\s3rvantin\Documents\wp2\sekolah\app\Database\Migrations\2022-10-02-183322_Arsip.php(32): CodeIgniter\Database\Forge->dropTable()
#5 C:\Users\s3rvantin\Documents\wp2\sekolah\vendor\codeigniter4\framework\system\Database\MigrationRunner.php(868): App\Database\Migrations\Arsip->down()
#6 C:\Users\s3rvantin\Documents\wp2\sekolah\vendor\codeigniter4\framework\system\Database\MigrationRunner.php(298): CodeIgniter\Database\MigrationRunner->migrate()
#7 C:\Users\s3rvantin\Documents\wp2\sekolah\vendor\codeigniter4\framework\system\Commands\Database\MigrateRollback.php(92): CodeIgniter\Database\MigrationRunner->regress()
#8 C:\Users\s3rvantin\Documents\wp2\sekolah\vendor\codeigniter4\framework\system\CLI\Commands.php(63): CodeIgniter\Commands\Database\MigrateRollback->run()
#9 C:\Users\s3rvantin\Documents\wp2\sekolah\vendor\codeigniter4\framework\system\CLI\BaseCommand.php(112): CodeIgniter\CLI\Commands->run()
#10 C:\Users\s3rvantin\Documents\wp2\sekolah\vendor\codeigniter4\framework\system\Commands\Database\MigrateRefresh.php(84): CodeIgniter\CLI\BaseCommand->call()
#11 C:\Users\s3rvantin\Documents\wp2\sekolah\vendor\codeigniter4\framework\system\CLI\Commands.php(63): CodeIgniter\Commands\Database\MigrateRefresh->run()
#12 C:\Users\s3rvantin\Documents\wp2\sekolah\vendor\codeigniter4\framework\system\CLI\CommandRunner.php(65): CodeIgniter\CLI\Commands->run()
#13 C:\Users\s3rvantin\Documents\wp2\sekolah\vendor\codeigniter4\framework\system\CLI\CommandRunner.php(51): CodeIgniter\CLI\CommandRunner->index()
#14 C:\Users\s3rvantin\Documents\wp2\sekolah\vendor\codeigniter4\framework\system\CodeIgniter.php(900): CodeIgniter\CLI\CommandRunner->_remap()
#15 C:\Users\s3rvantin\Documents\wp2\sekolah\vendor\codeigniter4\framework\system\CodeIgniter.php(457): CodeIgniter\CodeIgniter->runController()
#16 C:\Users\s3rvantin\Documents\wp2\sekolah\vendor\codeigniter4\framework\system\CodeIgniter.php(336): CodeIgniter\CodeIgniter->handleRequest()
#17 C:\Users\s3rvantin\Documents\wp2\sekolah\vendor\codeigniter4\framework\system\CLI\Console.php(48): CodeIgniter\CodeIgniter->run()
#18 C:\Users\s3rvantin\Documents\wp2\sekolah\spark(98): CodeIgniter\CLI\Console->run()
#19 {main}
ERROR - 2022-10-02 13:58:41 --> mysqli_sql_exception: Can't create table `sekolah`.`arsip` (errno: 150 "Foreign key constraint is incorrectly formed") in C:\Users\s3rvantin\Documents\wp2\sekolah\vendor\codeigniter4\framework\system\Database\MySQLi\Connection.php:292
Stack trace:
#0 C:\Users\s3rvantin\Documents\wp2\sekolah\vendor\codeigniter4\framework\system\Database\MySQLi\Connection.php(292): mysqli->query()
#1 C:\Users\s3rvantin\Documents\wp2\sekolah\vendor\codeigniter4\framework\system\Database\BaseConnection.php(693): CodeIgniter\Database\MySQLi\Connection->execute()
#2 C:\Users\s3rvantin\Documents\wp2\sekolah\vendor\codeigniter4\framework\system\Database\BaseConnection.php(620): CodeIgniter\Database\BaseConnection->simpleQuery()
#3 C:\Users\s3rvantin\Documents\wp2\sekolah\vendor\codeigniter4\framework\system\Database\Forge.php(509): CodeIgniter\Database\BaseConnection->query()
#4 C:\Users\s3rvantin\Documents\wp2\sekolah\app\Database\Migrations\2022-10-02-183322_Arsip.php(26): CodeIgniter\Database\Forge->createTable()
#5 C:\Users\s3rvantin\Documents\wp2\sekolah\vendor\codeigniter4\framework\system\Database\MigrationRunner.php(868): App\Database\Migrations\Arsip->up()
#6 C:\Users\s3rvantin\Documents\wp2\sekolah\vendor\codeigniter4\framework\system\Database\MigrationRunner.php(187): CodeIgniter\Database\MigrationRunner->migrate()
#7 C:\Users\s3rvantin\Documents\wp2\sekolah\vendor\codeigniter4\framework\system\Commands\Database\Migrate.php(84): CodeIgniter\Database\MigrationRunner->latest()
#8 C:\Users\s3rvantin\Documents\wp2\sekolah\vendor\codeigniter4\framework\system\CLI\Commands.php(63): CodeIgniter\Commands\Database\Migrate->run()
#9 C:\Users\s3rvantin\Documents\wp2\sekolah\vendor\codeigniter4\framework\system\CLI\BaseCommand.php(112): CodeIgniter\CLI\Commands->run()
#10 C:\Users\s3rvantin\Documents\wp2\sekolah\vendor\codeigniter4\framework\system\Commands\Database\MigrateRefresh.php(85): CodeIgniter\CLI\BaseCommand->call()
#11 C:\Users\s3rvantin\Documents\wp2\sekolah\vendor\codeigniter4\framework\system\CLI\Commands.php(63): CodeIgniter\Commands\Database\MigrateRefresh->run()
#12 C:\Users\s3rvantin\Documents\wp2\sekolah\vendor\codeigniter4\framework\system\CLI\CommandRunner.php(65): CodeIgniter\CLI\Commands->run()
#13 C:\Users\s3rvantin\Documents\wp2\sekolah\vendor\codeigniter4\framework\system\CLI\CommandRunner.php(51): CodeIgniter\CLI\CommandRunner->index()
#14 C:\Users\s3rvantin\Documents\wp2\sekolah\vendor\codeigniter4\framework\system\CodeIgniter.php(900): CodeIgniter\CLI\CommandRunner->_remap()
#15 C:\Users\s3rvantin\Documents\wp2\sekolah\vendor\codeigniter4\framework\system\CodeIgniter.php(457): CodeIgniter\CodeIgniter->runController()
#16 C:\Users\s3rvantin\Documents\wp2\sekolah\vendor\codeigniter4\framework\system\CodeIgniter.php(336): CodeIgniter\CodeIgniter->handleRequest()
#17 C:\Users\s3rvantin\Documents\wp2\sekolah\vendor\codeigniter4\framework\system\CLI\Console.php(48): CodeIgniter\CodeIgniter->run()
#18 C:\Users\s3rvantin\Documents\wp2\sekolah\spark(98): CodeIgniter\CLI\Console->run()
#19 {main}
ERROR - 2022-10-02 14:00:02 --> mysqli_sql_exception: Unknown table 'sekolah.arsip' in C:\Users\s3rvantin\Documents\wp2\sekolah\vendor\codeigniter4\framework\system\Database\MySQLi\Connection.php:292
Stack trace:
#0 C:\Users\s3rvantin\Documents\wp2\sekolah\vendor\codeigniter4\framework\system\Database\MySQLi\Connection.php(292): mysqli->query()
#1 C:\Users\s3rvantin\Documents\wp2\sekolah\vendor\codeigniter4\framework\system\Database\BaseConnection.php(693): CodeIgniter\Database\MySQLi\Connection->execute()
#2 C:\Users\s3rvantin\Documents\wp2\sekolah\vendor\codeigniter4\framework\system\Database\BaseConnection.php(620): CodeIgniter\Database\BaseConnection->simpleQuery()
#3 C:\Users\s3rvantin\Documents\wp2\sekolah\vendor\codeigniter4\framework\system\Database\Forge.php(600): CodeIgniter\Database\BaseConnection->query()
#4 C:\Users\s3rvantin\Documents\wp2\sekolah\app\Database\Migrations\2022-10-02-183322_Arsip.php(32): CodeIgniter\Database\Forge->dropTable()
#5 C:\Users\s3rvantin\Documents\wp2\sekolah\vendor\codeigniter4\framework\system\Database\MigrationRunner.php(868): App\Database\Migrations\Arsip->down()
#6 C:\Users\s3rvantin\Documents\wp2\sekolah\vendor\codeigniter4\framework\system\Database\MigrationRunner.php(298): CodeIgniter\Database\MigrationRunner->migrate()
#7 C:\Users\s3rvantin\Documents\wp2\sekolah\vendor\codeigniter4\framework\system\Commands\Database\MigrateRollback.php(92): CodeIgniter\Database\MigrationRunner->regress()
#8 C:\Users\s3rvantin\Documents\wp2\sekolah\vendor\codeigniter4\framework\system\CLI\Commands.php(63): CodeIgniter\Commands\Database\MigrateRollback->run()
#9 C:\Users\s3rvantin\Documents\wp2\sekolah\vendor\codeigniter4\framework\system\CLI\BaseCommand.php(112): CodeIgniter\CLI\Commands->run()
#10 C:\Users\s3rvantin\Documents\wp2\sekolah\vendor\codeigniter4\framework\system\Commands\Database\MigrateRefresh.php(84): CodeIgniter\CLI\BaseCommand->call()
#11 C:\Users\s3rvantin\Documents\wp2\sekolah\vendor\codeigniter4\framework\system\CLI\Commands.php(63): CodeIgniter\Commands\Database\MigrateRefresh->run()
#12 C:\Users\s3rvantin\Documents\wp2\sekolah\vendor\codeigniter4\framework\system\CLI\CommandRunner.php(65): CodeIgniter\CLI\Commands->run()
#13 C:\Users\s3rvantin\Documents\wp2\sekolah\vendor\codeigniter4\framework\system\CLI\CommandRunner.php(51): CodeIgniter\CLI\CommandRunner->index()
#14 C:\Users\s3rvantin\Documents\wp2\sekolah\vendor\codeigniter4\framework\system\CodeIgniter.php(900): CodeIgniter\CLI\CommandRunner->_remap()
#15 C:\Users\s3rvantin\Documents\wp2\sekolah\vendor\codeigniter4\framework\system\CodeIgniter.php(457): CodeIgniter\CodeIgniter->runController()
#16 C:\Users\s3rvantin\Documents\wp2\sekolah\vendor\codeigniter4\framework\system\CodeIgniter.php(336): CodeIgniter\CodeIgniter->handleRequest()
#17 C:\Users\s3rvantin\Documents\wp2\sekolah\vendor\codeigniter4\framework\system\CLI\Console.php(48): CodeIgniter\CodeIgniter->run()
#18 C:\Users\s3rvantin\Documents\wp2\sekolah\spark(98): CodeIgniter\CLI\Console->run()
#19 {main}
ERROR - 2022-10-02 14:00:02 --> mysqli_sql_exception: Can't create table `sekolah`.`arsip` (errno: 150 "Foreign key constraint is incorrectly formed") in C:\Users\s3rvantin\Documents\wp2\sekolah\vendor\codeigniter4\framework\system\Database\MySQLi\Connection.php:292
Stack trace:
#0 C:\Users\s3rvantin\Documents\wp2\sekolah\vendor\codeigniter4\framework\system\Database\MySQLi\Connection.php(292): mysqli->query()
#1 C:\Users\s3rvantin\Documents\wp2\sekolah\vendor\codeigniter4\framework\system\Database\BaseConnection.php(693): CodeIgniter\Database\MySQLi\Connection->execute()
#2 C:\Users\s3rvantin\Documents\wp2\sekolah\vendor\codeigniter4\framework\system\Database\BaseConnection.php(620): CodeIgniter\Database\BaseConnection->simpleQuery()
#3 C:\Users\s3rvantin\Documents\wp2\sekolah\vendor\codeigniter4\framework\system\Database\Forge.php(509): CodeIgniter\Database\BaseConnection->query()
#4 C:\Users\s3rvantin\Documents\wp2\sekolah\app\Database\Migrations\2022-10-02-183322_Arsip.php(26): CodeIgniter\Database\Forge->createTable()
#5 C:\Users\s3rvantin\Documents\wp2\sekolah\vendor\codeigniter4\framework\system\Database\MigrationRunner.php(868): App\Database\Migrations\Arsip->up()
#6 C:\Users\s3rvantin\Documents\wp2\sekolah\vendor\codeigniter4\framework\system\Database\MigrationRunner.php(187): CodeIgniter\Database\MigrationRunner->migrate()
#7 C:\Users\s3rvantin\Documents\wp2\sekolah\vendor\codeigniter4\framework\system\Commands\Database\Migrate.php(84): CodeIgniter\Database\MigrationRunner->latest()
#8 C:\Users\s3rvantin\Documents\wp2\sekolah\vendor\codeigniter4\framework\system\CLI\Commands.php(63): CodeIgniter\Commands\Database\Migrate->run()
#9 C:\Users\s3rvantin\Documents\wp2\sekolah\vendor\codeigniter4\framework\system\CLI\BaseCommand.php(112): CodeIgniter\CLI\Commands->run()
#10 C:\Users\s3rvantin\Documents\wp2\sekolah\vendor\codeigniter4\framework\system\Commands\Database\MigrateRefresh.php(85): CodeIgniter\CLI\BaseCommand->call()
#11 C:\Users\s3rvantin\Documents\wp2\sekolah\vendor\codeigniter4\framework\system\CLI\Commands.php(63): CodeIgniter\Commands\Database\MigrateRefresh->run()
#12 C:\Users\s3rvantin\Documents\wp2\sekolah\vendor\codeigniter4\framework\system\CLI\CommandRunner.php(65): CodeIgniter\CLI\Commands->run()
#13 C:\Users\s3rvantin\Documents\wp2\sekolah\vendor\codeigniter4\framework\system\CLI\CommandRunner.php(51): CodeIgniter\CLI\CommandRunner->index()
#14 C:\Users\s3rvantin\Documents\wp2\sekolah\vendor\codeigniter4\framework\system\CodeIgniter.php(900): CodeIgniter\CLI\CommandRunner->_remap()
#15 C:\Users\s3rvantin\Documents\wp2\sekolah\vendor\codeigniter4\framework\system\CodeIgniter.php(457): CodeIgniter\CodeIgniter->runController()
#16 C:\Users\s3rvantin\Documents\wp2\sekolah\vendor\codeigniter4\framework\system\CodeIgniter.php(336): CodeIgniter\CodeIgniter->handleRequest()
#17 C:\Users\s3rvantin\Documents\wp2\sekolah\vendor\codeigniter4\framework\system\CLI\Console.php(48): CodeIgniter\CodeIgniter->run()
#18 C:\Users\s3rvantin\Documents\wp2\sekolah\spark(98): CodeIgniter\CLI\Console->run()
#19 {main}
ERROR - 2022-10-02 14:18:49 --> mysqli_sql_exception: Table 'sekolah.arsip' doesn't exist in C:\Users\s3rvantin\Documents\wp2\sekolah\vendor\codeigniter4\framework\system\Database\MySQLi\Connection.php:292
Stack trace:
#0 C:\Users\s3rvantin\Documents\wp2\sekolah\vendor\codeigniter4\framework\system\Database\MySQLi\Connection.php(292): mysqli->query()
#1 C:\Users\s3rvantin\Documents\wp2\sekolah\vendor\codeigniter4\framework\system\Database\BaseConnection.php(693): CodeIgniter\Database\MySQLi\Connection->execute()
#2 C:\Users\s3rvantin\Documents\wp2\sekolah\vendor\codeigniter4\framework\system\Database\BaseConnection.php(620): CodeIgniter\Database\BaseConnection->simpleQuery()
#3 C:\Users\s3rvantin\Documents\wp2\sekolah\vendor\codeigniter4\framework\system\Database\BaseBuilder.php(1916): CodeIgniter\Database\BaseConnection->query()
#4 C:\Users\s3rvantin\Documents\wp2\sekolah\vendor\codeigniter4\framework\system\Model.php(279): CodeIgniter\Database\BaseBuilder->insert()
#5 C:\Users\s3rvantin\Documents\wp2\sekolah\vendor\codeigniter4\framework\system\BaseModel.php(738): CodeIgniter\Model->doInsert()
#6 C:\Users\s3rvantin\Documents\wp2\sekolah\vendor\codeigniter4\framework\system\Model.php(667): CodeIgniter\BaseModel->insert()
#7 C:\Users\s3rvantin\Documents\wp2\sekolah\app\Database\Seeds\ArsipSeeder.php(13): CodeIgniter\Model->insert()
#8 C:\Users\s3rvantin\Documents\wp2\sekolah\vendor\codeigniter4\framework\system\Database\Seeder.php(145): App\Database\Seeds\ArsipSeeder->run()
#9 C:\Users\s3rvantin\Documents\wp2\sekolah\vendor\codeigniter4\framework\system\Commands\Database\Seed.php(77): CodeIgniter\Database\Seeder->call()
#10 C:\Users\s3rvantin\Documents\wp2\sekolah\vendor\codeigniter4\framework\system\CLI\Commands.php(63): CodeIgniter\Commands\Database\Seed->run()
#11 C:\Users\s3rvantin\Documents\wp2\sekolah\vendor\codeigniter4\framework\system\CLI\CommandRunner.php(65): CodeIgniter\CLI\Commands->run()
#12 C:\Users\s3rvantin\Documents\wp2\sekolah\vendor\codeigniter4\framework\system\CLI\CommandRunner.php(51): CodeIgniter\CLI\CommandRunner->index()
#13 C:\Users\s3rvantin\Documents\wp2\sekolah\vendor\codeigniter4\framework\system\CodeIgniter.php(900): CodeIgniter\CLI\CommandRunner->_remap()
#14 C:\Users\s3rvantin\Documents\wp2\sekolah\vendor\codeigniter4\framework\system\CodeIgniter.php(457): CodeIgniter\CodeIgniter->runController()
#15 C:\Users\s3rvantin\Documents\wp2\sekolah\vendor\codeigniter4\framework\system\CodeIgniter.php(336): CodeIgniter\CodeIgniter->handleRequest()
#16 C:\Users\s3rvantin\Documents\wp2\sekolah\vendor\codeigniter4\framework\system\CLI\Console.php(48): CodeIgniter\CodeIgniter->run()
#17 C:\Users\s3rvantin\Documents\wp2\sekolah\spark(98): CodeIgniter\CLI\Console->run()
#18 {main}
ERROR - 2022-10-02 14:21:22 --> mysqli_sql_exception: Table 'sekolah.arsip' doesn't exist in C:\Users\s3rvantin\Documents\wp2\sekolah\vendor\codeigniter4\framework\system\Database\MySQLi\Connection.php:292
Stack trace:
#0 C:\Users\s3rvantin\Documents\wp2\sekolah\vendor\codeigniter4\framework\system\Database\MySQLi\Connection.php(292): mysqli->query()
#1 C:\Users\s3rvantin\Documents\wp2\sekolah\vendor\codeigniter4\framework\system\Database\BaseConnection.php(693): CodeIgniter\Database\MySQLi\Connection->execute()
#2 C:\Users\s3rvantin\Documents\wp2\sekolah\vendor\codeigniter4\framework\system\Database\BaseConnection.php(620): CodeIgniter\Database\BaseConnection->simpleQuery()
#3 C:\Users\s3rvantin\Documents\wp2\sekolah\vendor\codeigniter4\framework\system\Database\BaseBuilder.php(1916): CodeIgniter\Database\BaseConnection->query()
#4 C:\Users\s3rvantin\Documents\wp2\sekolah\vendor\codeigniter4\framework\system\Model.php(279): CodeIgniter\Database\BaseBuilder->insert()
#5 C:\Users\s3rvantin\Documents\wp2\sekolah\vendor\codeigniter4\framework\system\BaseModel.php(738): CodeIgniter\Model->doInsert()
#6 C:\Users\s3rvantin\Documents\wp2\sekolah\vendor\codeigniter4\framework\system\Model.php(667): CodeIgniter\BaseModel->insert()
#7 C:\Users\s3rvantin\Documents\wp2\sekolah\app\Database\Seeds\ArsipSeeder.php(13): CodeIgniter\Model->insert()
#8 C:\Users\s3rvantin\Documents\wp2\sekolah\vendor\codeigniter4\framework\system\Database\Seeder.php(145): App\Database\Seeds\ArsipSeeder->run()
#9 C:\Users\s3rvantin\Documents\wp2\sekolah\vendor\codeigniter4\framework\system\Commands\Database\Seed.php(77): CodeIgniter\Database\Seeder->call()
#10 C:\Users\s3rvantin\Documents\wp2\sekolah\vendor\codeigniter4\framework\system\CLI\Commands.php(63): CodeIgniter\Commands\Database\Seed->run()
#11 C:\Users\s3rvantin\Documents\wp2\sekolah\vendor\codeigniter4\framework\system\CLI\CommandRunner.php(65): CodeIgniter\CLI\Commands->run()
#12 C:\Users\s3rvantin\Documents\wp2\sekolah\vendor\codeigniter4\framework\system\CLI\CommandRunner.php(51): CodeIgniter\CLI\CommandRunner->index()
#13 C:\Users\s3rvantin\Documents\wp2\sekolah\vendor\codeigniter4\framework\system\CodeIgniter.php(900): CodeIgniter\CLI\CommandRunner->_remap()
#14 C:\Users\s3rvantin\Documents\wp2\sekolah\vendor\codeigniter4\framework\system\CodeIgniter.php(457): CodeIgniter\CodeIgniter->runController()
#15 C:\Users\s3rvantin\Documents\wp2\sekolah\vendor\codeigniter4\framework\system\CodeIgniter.php(336): CodeIgniter\CodeIgniter->handleRequest()
#16 C:\Users\s3rvantin\Documents\wp2\sekolah\vendor\codeigniter4\framework\system\CLI\Console.php(48): CodeIgniter\CodeIgniter->run()
#17 C:\Users\s3rvantin\Documents\wp2\sekolah\spark(98): CodeIgniter\CLI\Console->run()
#18 {main}
