CRITICAL - 2022-10-17 15:18:07 --> Argument 1 passed to CodeIgniter\CodeIgniter::Config\{closure}() must be an instance of Config\RouteCollection, instance of CodeIgniter\Router\RouteCollection given, called in /home/s3rvantin/Documents/asdasd/vendor/codeigniter4/framework/system/Router/RouteCollection.php on line 637
in APPPATH/Config/Routes.php on line 40.
 1 SYSTEMPATH/Router/RouteCollection.php(637): CodeIgniter\CodeIgniter->Config\{closure}()
 2 APPPATH/Config/Routes.php(47): CodeIgniter\Router\RouteCollection->group()
 3 SYSTEMPATH/CodeIgniter.php(769): require('APPPATH/Config/Routes.php')
 4 SYSTEMPATH/CodeIgniter.php(406): CodeIgniter\CodeIgniter->tryToRouteIt()
 5 SYSTEMPATH/CodeIgniter.php(336): CodeIgniter\CodeIgniter->handleRequest()
 6 SYSTEMPATH/CLI/Console.php(48): CodeIgniter\CodeIgniter->run()
 7 ROOTPATH/spark(98): CodeIgniter\CLI\Console->run()
CRITICAL - 2022-10-17 15:20:33 --> Argument 1 passed to CodeIgniter\CodeIgniter::Config\{closure}() must be an instance of Config\RouteCollection, instance of CodeIgniter\Router\RouteCollection given, called in /home/s3rvantin/Documents/asdasd/vendor/codeigniter4/framework/system/Router/RouteCollection.php on line 637
in APPPATH/Config/Routes.php on line 40.
 1 SYSTEMPATH/Router/RouteCollection.php(637): CodeIgniter\CodeIgniter->Config\{closure}()
 2 APPPATH/Config/Routes.php(47): CodeIgniter\Router\RouteCollection->group()
 3 SYSTEMPATH/CodeIgniter.php(769): require('APPPATH/Config/Routes.php')
 4 SYSTEMPATH/CodeIgniter.php(406): CodeIgniter\CodeIgniter->tryToRouteIt()
 5 SYSTEMPATH/CodeIgniter.php(336): CodeIgniter\CodeIgniter->handleRequest()
 6 SYSTEMPATH/CLI/Console.php(48): CodeIgniter\CodeIgniter->run()
 7 ROOTPATH/spark(98): CodeIgniter\CLI\Console->run()
CRITICAL - 2022-10-17 15:22:34 --> Argument 1 passed to CodeIgniter\CodeIgniter::Config\{closure}() must be an instance of Config\RouteCollection, instance of CodeIgniter\Router\RouteCollection given, called in /home/s3rvantin/Documents/asdasd/vendor/codeigniter4/framework/system/Router/RouteCollection.php on line 637
in APPPATH/Config/Routes.php on line 40.
 1 SYSTEMPATH/Router/RouteCollection.php(637): CodeIgniter\CodeIgniter->Config\{closure}()
 2 APPPATH/Config/Routes.php(47): CodeIgniter\Router\RouteCollection->group()
 3 SYSTEMPATH/CodeIgniter.php(769): require('APPPATH/Config/Routes.php')
 4 SYSTEMPATH/CodeIgniter.php(406): CodeIgniter\CodeIgniter->tryToRouteIt()
 5 SYSTEMPATH/CodeIgniter.php(336): CodeIgniter\CodeIgniter->handleRequest()
 6 SYSTEMPATH/CLI/Console.php(48): CodeIgniter\CodeIgniter->run()
 7 ROOTPATH/spark(98): CodeIgniter\CLI\Console->run()
CRITICAL - 2022-10-17 15:23:13 --> Argument 1 passed to CodeIgniter\CodeIgniter::Config\{closure}() must be an instance of Config\RouteCollection, instance of CodeIgniter\Router\RouteCollection given, called in /home/s3rvantin/Documents/asdasd/vendor/codeigniter4/framework/system/Router/RouteCollection.php on line 637
in APPPATH/Config/Routes.php on line 40.
 1 SYSTEMPATH/Router/RouteCollection.php(637): CodeIgniter\CodeIgniter->Config\{closure}()
 2 APPPATH/Config/Routes.php(47): CodeIgniter\Router\RouteCollection->group()
 3 SYSTEMPATH/CodeIgniter.php(769): require('APPPATH/Config/Routes.php')
 4 SYSTEMPATH/CodeIgniter.php(406): CodeIgniter\CodeIgniter->tryToRouteIt()
 5 SYSTEMPATH/CodeIgniter.php(336): CodeIgniter\CodeIgniter->handleRequest()
 6 SYSTEMPATH/CLI/Console.php(48): CodeIgniter\CodeIgniter->run()
 7 ROOTPATH/spark(98): CodeIgniter\CLI\Console->run()
CRITICAL - 2022-10-17 15:48:27 --> Argument 1 passed to CodeIgniter\CodeIgniter::Config\{closure}() must be an instance of Config\RouteCollection, instance of CodeIgniter\Router\RouteCollection given, called in /home/s3rvantin/Documents/asdasd/vendor/codeigniter4/framework/system/Router/RouteCollection.php on line 637
in APPPATH/Config/Routes.php on line 40.
 1 SYSTEMPATH/Router/RouteCollection.php(637): CodeIgniter\CodeIgniter->Config\{closure}()
 2 APPPATH/Config/Routes.php(47): CodeIgniter\Router\RouteCollection->group()
 3 SYSTEMPATH/CodeIgniter.php(764): require('APPPATH/Config/Routes.php')
 4 SYSTEMPATH/CodeIgniter.php(406): CodeIgniter\CodeIgniter->tryToRouteIt()
 5 SYSTEMPATH/CodeIgniter.php(336): CodeIgniter\CodeIgniter->handleRequest()
 6 SYSTEMPATH/CLI/Console.php(48): CodeIgniter\CodeIgniter->run()
 7 ROOTPATH/spark(98): CodeIgniter\CLI\Console->run()
ERROR - 2022-10-17 16:22:19 --> mysqli_sql_exception: Table 'db_sekolah.pegawai' doesn't exist in /home/s3rvantin/Documents/asdasd/vendor/codeigniter4/framework/system/Database/MySQLi/Connection.php:292
Stack trace:
#0 /home/s3rvantin/Documents/asdasd/vendor/codeigniter4/framework/system/Database/MySQLi/Connection.php(292): mysqli->query()
#1 /home/s3rvantin/Documents/asdasd/vendor/codeigniter4/framework/system/Database/BaseConnection.php(693): CodeIgniter\Database\MySQLi\Connection->execute()
#2 /home/s3rvantin/Documents/asdasd/vendor/codeigniter4/framework/system/Database/BaseConnection.php(620): CodeIgniter\Database\BaseConnection->simpleQuery()
#3 /home/s3rvantin/Documents/asdasd/vendor/codeigniter4/framework/system/Database/BaseBuilder.php(1916): CodeIgniter\Database\BaseConnection->query()
#4 /home/s3rvantin/Documents/asdasd/vendor/codeigniter4/framework/system/Model.php(279): CodeIgniter\Database\BaseBuilder->insert()
#5 /home/s3rvantin/Documents/asdasd/vendor/codeigniter4/framework/system/BaseModel.php(748): CodeIgniter\Model->doInsert()
#6 /home/s3rvantin/Documents/asdasd/vendor/codeigniter4/framework/system/Model.php(667): CodeIgniter\BaseModel->insert()
#7 /home/s3rvantin/Documents/asdasd/app/Database/Seeds/PegawaiSeeder.php(29): CodeIgniter\Model->insert()
#8 /home/s3rvantin/Documents/asdasd/vendor/codeigniter4/framework/system/Database/Seeder.php(145): App\Database\Seeds\PegawaiSeeder->run()
#9 /home/s3rvantin/Documents/asdasd/vendor/codeigniter4/framework/system/Commands/Database/Seed.php(77): CodeIgniter\Database\Seeder->call()
#10 /home/s3rvantin/Documents/asdasd/vendor/codeigniter4/framework/system/CLI/Commands.php(63): CodeIgniter\Commands\Database\Seed->run()
#11 /home/s3rvantin/Documents/asdasd/vendor/codeigniter4/framework/system/CLI/CommandRunner.php(65): CodeIgniter\CLI\Commands->run()
#12 /home/s3rvantin/Documents/asdasd/vendor/codeigniter4/framework/system/CLI/CommandRunner.php(51): CodeIgniter\CLI\CommandRunner->index()
#13 /home/s3rvantin/Documents/asdasd/vendor/codeigniter4/framework/system/CodeIgniter.php(895): CodeIgniter\CLI\CommandRunner->_remap()
#14 /home/s3rvantin/Documents/asdasd/vendor/codeigniter4/framework/system/CodeIgniter.php(457): CodeIgniter\CodeIgniter->runController()
#15 /home/s3rvantin/Documents/asdasd/vendor/codeigniter4/framework/system/CodeIgniter.php(336): CodeIgniter\CodeIgniter->handleRequest()
#16 /home/s3rvantin/Documents/asdasd/vendor/codeigniter4/framework/system/CLI/Console.php(48): CodeIgniter\CodeIgniter->run()
#17 /home/s3rvantin/Documents/asdasd/spark(98): CodeIgniter\CLI\Console->run()
#18 {main}
CRITICAL - 2022-10-17 16:29:56 --> Undefined index: nama
in APPPATH/Controllers/PegawaiController.php on line 31.
 1 APPPATH/Controllers/PegawaiController.php(31): CodeIgniter\Debug\Exceptions->errorHandler()
 2 SYSTEMPATH/CodeIgniter.php(902): App\Controllers\PegawaiController->login()
 3 SYSTEMPATH/CodeIgniter.php(457): CodeIgniter\CodeIgniter->runController()
 4 SYSTEMPATH/CodeIgniter.php(340): CodeIgniter\CodeIgniter->handleRequest()
 5 FCPATH/index.php(67): CodeIgniter\CodeIgniter->run()
 6 SYSTEMPATH/Commands/Server/rewrite.php(46): require_once('FCPATH/index.php')
