ERROR - 2022-10-15 01:56:25 --> mysqli_sql_exception: Unknown column 'created_at' in 'field list' in C:\Users\s3rvantin\Documents\wp2\sekolah\vendor\codeigniter4\framework\system\Database\MySQLi\Connection.php:292
Stack trace:
#0 C:\Users\s3rvantin\Documents\wp2\sekolah\vendor\codeigniter4\framework\system\Database\MySQLi\Connection.php(292): mysqli->query()
#1 C:\Users\s3rvantin\Documents\wp2\sekolah\vendor\codeigniter4\framework\system\Database\BaseConnection.php(693): CodeIgniter\Database\MySQLi\Connection->execute()
#2 C:\Users\s3rvantin\Documents\wp2\sekolah\vendor\codeigniter4\framework\system\Database\BaseConnection.php(620): CodeIgniter\Database\BaseConnection->simpleQuery()
#3 C:\Users\s3rvantin\Documents\wp2\sekolah\vendor\codeigniter4\framework\system\Database\BaseBuilder.php(1916): CodeIgniter\Database\BaseConnection->query()
#4 C:\Users\s3rvantin\Documents\wp2\sekolah\vendor\codeigniter4\framework\system\Model.php(279): CodeIgniter\Database\BaseBuilder->insert()
#5 C:\Users\s3rvantin\Documents\wp2\sekolah\vendor\codeigniter4\framework\system\BaseModel.php(738): CodeIgniter\Model->doInsert()
#6 C:\Users\s3rvantin\Documents\wp2\sekolah\vendor\codeigniter4\framework\system\Model.php(667): CodeIgniter\BaseModel->insert()
#7 C:\Users\s3rvantin\Documents\wp2\sekolah\app\Database\Seeds\MapelSeeder.php(13): CodeIgniter\Model->insert()
#8 C:\Users\s3rvantin\Documents\wp2\sekolah\vendor\codeigniter4\framework\system\Database\Seeder.php(145): App\Database\Seeds\MapelSeeder->run()
#9 C:\Users\s3rvantin\Documents\wp2\sekolah\vendor\codeigniter4\framework\system\Commands\Database\Seed.php(77): CodeIgniter\Database\Seeder->call()
#10 C:\Users\s3rvantin\Documents\wp2\sekolah\vendor\codeigniter4\framework\system\CLI\Commands.php(63): CodeIgniter\Commands\Database\Seed->run()
#11 C:\Users\s3rvantin\Documents\wp2\sekolah\vendor\codeigniter4\framework\system\CLI\CommandRunner.php(65): CodeIgniter\CLI\Commands->run()
#12 C:\Users\s3rvantin\Documents\wp2\sekolah\vendor\codeigniter4\framework\system\CLI\CommandRunner.php(51): CodeIgniter\CLI\CommandRunner->index()
#13 C:\Users\s3rvantin\Documents\wp2\sekolah\vendor\codeigniter4\framework\system\CodeIgniter.php(900): CodeIgniter\CLI\CommandRunner->_remap()
#14 C:\Users\s3rvantin\Documents\wp2\sekolah\vendor\codeigniter4\framework\system\CodeIgniter.php(457): CodeIgniter\CodeIgniter->runController()
#15 C:\Users\s3rvantin\Documents\wp2\sekolah\vendor\codeigniter4\framework\system\CodeIgniter.php(336): CodeIgniter\CodeIgniter->handleRequest()
#16 C:\Users\s3rvantin\Documents\wp2\sekolah\vendor\codeigniter4\framework\system\CLI\Console.php(48): CodeIgniter\CodeIgniter->run()
#17 C:\Users\s3rvantin\Documents\wp2\sekolah\spark(98): CodeIgniter\CLI\Console->run()
#18 {main}
ERROR - 2022-10-15 01:58:21 --> mysqli_sql_exception: Unknown column 'created_at' in 'field list' in C:\Users\s3rvantin\Documents\wp2\sekolah\vendor\codeigniter4\framework\system\Database\MySQLi\Connection.php:292
Stack trace:
#0 C:\Users\s3rvantin\Documents\wp2\sekolah\vendor\codeigniter4\framework\system\Database\MySQLi\Connection.php(292): mysqli->query()
#1 C:\Users\s3rvantin\Documents\wp2\sekolah\vendor\codeigniter4\framework\system\Database\BaseConnection.php(693): CodeIgniter\Database\MySQLi\Connection->execute()
#2 C:\Users\s3rvantin\Documents\wp2\sekolah\vendor\codeigniter4\framework\system\Database\BaseConnection.php(620): CodeIgniter\Database\BaseConnection->simpleQuery()
#3 C:\Users\s3rvantin\Documents\wp2\sekolah\vendor\codeigniter4\framework\system\Database\BaseBuilder.php(1916): CodeIgniter\Database\BaseConnection->query()
#4 C:\Users\s3rvantin\Documents\wp2\sekolah\vendor\codeigniter4\framework\system\Model.php(279): CodeIgniter\Database\BaseBuilder->insert()
#5 C:\Users\s3rvantin\Documents\wp2\sekolah\vendor\codeigniter4\framework\system\BaseModel.php(738): CodeIgniter\Model->doInsert()
#6 C:\Users\s3rvantin\Documents\wp2\sekolah\vendor\codeigniter4\framework\system\Model.php(667): CodeIgniter\BaseModel->insert()
#7 C:\Users\s3rvantin\Documents\wp2\sekolah\app\Database\Seeds\MapelSeeder.php(13): CodeIgniter\Model->insert()
#8 C:\Users\s3rvantin\Documents\wp2\sekolah\vendor\codeigniter4\framework\system\Database\Seeder.php(145): App\Database\Seeds\MapelSeeder->run()
#9 C:\Users\s3rvantin\Documents\wp2\sekolah\vendor\codeigniter4\framework\system\Commands\Database\Seed.php(77): CodeIgniter\Database\Seeder->call()
#10 C:\Users\s3rvantin\Documents\wp2\sekolah\vendor\codeigniter4\framework\system\CLI\Commands.php(63): CodeIgniter\Commands\Database\Seed->run()
#11 C:\Users\s3rvantin\Documents\wp2\sekolah\vendor\codeigniter4\framework\system\CLI\CommandRunner.php(65): CodeIgniter\CLI\Commands->run()
#12 C:\Users\s3rvantin\Documents\wp2\sekolah\vendor\codeigniter4\framework\system\CLI\CommandRunner.php(51): CodeIgniter\CLI\CommandRunner->index()
#13 C:\Users\s3rvantin\Documents\wp2\sekolah\vendor\codeigniter4\framework\system\CodeIgniter.php(900): CodeIgniter\CLI\CommandRunner->_remap()
#14 C:\Users\s3rvantin\Documents\wp2\sekolah\vendor\codeigniter4\framework\system\CodeIgniter.php(457): CodeIgniter\CodeIgniter->runController()
#15 C:\Users\s3rvantin\Documents\wp2\sekolah\vendor\codeigniter4\framework\system\CodeIgniter.php(336): CodeIgniter\CodeIgniter->handleRequest()
#16 C:\Users\s3rvantin\Documents\wp2\sekolah\vendor\codeigniter4\framework\system\CLI\Console.php(48): CodeIgniter\CodeIgniter->run()
#17 C:\Users\s3rvantin\Documents\wp2\sekolah\spark(98): CodeIgniter\CLI\Console->run()
#18 {main}
ERROR - 2022-10-15 02:04:01 --> mysqli_sql_exception: Unknown column 'created_at' in 'field list' in C:\Users\s3rvantin\Documents\wp2\sekolah\vendor\codeigniter4\framework\system\Database\MySQLi\Connection.php:292
Stack trace:
#0 C:\Users\s3rvantin\Documents\wp2\sekolah\vendor\codeigniter4\framework\system\Database\MySQLi\Connection.php(292): mysqli->query()
#1 C:\Users\s3rvantin\Documents\wp2\sekolah\vendor\codeigniter4\framework\system\Database\BaseConnection.php(693): CodeIgniter\Database\MySQLi\Connection->execute()
#2 C:\Users\s3rvantin\Documents\wp2\sekolah\vendor\codeigniter4\framework\system\Database\BaseConnection.php(620): CodeIgniter\Database\BaseConnection->simpleQuery()
#3 C:\Users\s3rvantin\Documents\wp2\sekolah\vendor\codeigniter4\framework\system\Database\BaseBuilder.php(1916): CodeIgniter\Database\BaseConnection->query()
#4 C:\Users\s3rvantin\Documents\wp2\sekolah\vendor\codeigniter4\framework\system\Model.php(279): CodeIgniter\Database\BaseBuilder->insert()
#5 C:\Users\s3rvantin\Documents\wp2\sekolah\vendor\codeigniter4\framework\system\BaseModel.php(738): CodeIgniter\Model->doInsert()
#6 C:\Users\s3rvantin\Documents\wp2\sekolah\vendor\codeigniter4\framework\system\Model.php(667): CodeIgniter\BaseModel->insert()
#7 C:\Users\s3rvantin\Documents\wp2\sekolah\app\Database\Seeds\JadwalSeeder.php(13): CodeIgniter\Model->insert()
#8 C:\Users\s3rvantin\Documents\wp2\sekolah\vendor\codeigniter4\framework\system\Database\Seeder.php(145): App\Database\Seeds\JadwalSeeder->run()
#9 C:\Users\s3rvantin\Documents\wp2\sekolah\vendor\codeigniter4\framework\system\Commands\Database\Seed.php(77): CodeIgniter\Database\Seeder->call()
#10 C:\Users\s3rvantin\Documents\wp2\sekolah\vendor\codeigniter4\framework\system\CLI\Commands.php(63): CodeIgniter\Commands\Database\Seed->run()
#11 C:\Users\s3rvantin\Documents\wp2\sekolah\vendor\codeigniter4\framework\system\CLI\CommandRunner.php(65): CodeIgniter\CLI\Commands->run()
#12 C:\Users\s3rvantin\Documents\wp2\sekolah\vendor\codeigniter4\framework\system\CLI\CommandRunner.php(51): CodeIgniter\CLI\CommandRunner->index()
#13 C:\Users\s3rvantin\Documents\wp2\sekolah\vendor\codeigniter4\framework\system\CodeIgniter.php(900): CodeIgniter\CLI\CommandRunner->_remap()
#14 C:\Users\s3rvantin\Documents\wp2\sekolah\vendor\codeigniter4\framework\system\CodeIgniter.php(457): CodeIgniter\CodeIgniter->runController()
#15 C:\Users\s3rvantin\Documents\wp2\sekolah\vendor\codeigniter4\framework\system\CodeIgniter.php(336): CodeIgniter\CodeIgniter->handleRequest()
#16 C:\Users\s3rvantin\Documents\wp2\sekolah\vendor\codeigniter4\framework\system\CLI\Console.php(48): CodeIgniter\CodeIgniter->run()
#17 C:\Users\s3rvantin\Documents\wp2\sekolah\spark(98): CodeIgniter\CLI\Console->run()
#18 {main}
ERROR - 2022-10-15 02:09:08 --> mysqli_sql_exception: Unknown column 'created_at' in 'field list' in C:\Users\s3rvantin\Documents\wp2\sekolah\vendor\codeigniter4\framework\system\Database\MySQLi\Connection.php:292
Stack trace:
#0 C:\Users\s3rvantin\Documents\wp2\sekolah\vendor\codeigniter4\framework\system\Database\MySQLi\Connection.php(292): mysqli->query()
#1 C:\Users\s3rvantin\Documents\wp2\sekolah\vendor\codeigniter4\framework\system\Database\BaseConnection.php(693): CodeIgniter\Database\MySQLi\Connection->execute()
#2 C:\Users\s3rvantin\Documents\wp2\sekolah\vendor\codeigniter4\framework\system\Database\BaseConnection.php(620): CodeIgniter\Database\BaseConnection->simpleQuery()
#3 C:\Users\s3rvantin\Documents\wp2\sekolah\vendor\codeigniter4\framework\system\Database\BaseBuilder.php(1916): CodeIgniter\Database\BaseConnection->query()
#4 C:\Users\s3rvantin\Documents\wp2\sekolah\vendor\codeigniter4\framework\system\Model.php(279): CodeIgniter\Database\BaseBuilder->insert()
#5 C:\Users\s3rvantin\Documents\wp2\sekolah\vendor\codeigniter4\framework\system\BaseModel.php(738): CodeIgniter\Model->doInsert()
#6 C:\Users\s3rvantin\Documents\wp2\sekolah\vendor\codeigniter4\framework\system\Model.php(667): CodeIgniter\BaseModel->insert()
#7 C:\Users\s3rvantin\Documents\wp2\sekolah\app\Database\Seeds\KehadiranSiswaSeeder.php(13): CodeIgniter\Model->insert()
#8 C:\Users\s3rvantin\Documents\wp2\sekolah\vendor\codeigniter4\framework\system\Database\Seeder.php(145): App\Database\Seeds\KehadiranSiswaSeeder->run()
#9 C:\Users\s3rvantin\Documents\wp2\sekolah\vendor\codeigniter4\framework\system\Commands\Database\Seed.php(77): CodeIgniter\Database\Seeder->call()
#10 C:\Users\s3rvantin\Documents\wp2\sekolah\vendor\codeigniter4\framework\system\CLI\Commands.php(63): CodeIgniter\Commands\Database\Seed->run()
#11 C:\Users\s3rvantin\Documents\wp2\sekolah\vendor\codeigniter4\framework\system\CLI\CommandRunner.php(65): CodeIgniter\CLI\Commands->run()
#12 C:\Users\s3rvantin\Documents\wp2\sekolah\vendor\codeigniter4\framework\system\CLI\CommandRunner.php(51): CodeIgniter\CLI\CommandRunner->index()
#13 C:\Users\s3rvantin\Documents\wp2\sekolah\vendor\codeigniter4\framework\system\CodeIgniter.php(900): CodeIgniter\CLI\CommandRunner->_remap()
#14 C:\Users\s3rvantin\Documents\wp2\sekolah\vendor\codeigniter4\framework\system\CodeIgniter.php(457): CodeIgniter\CodeIgniter->runController()
#15 C:\Users\s3rvantin\Documents\wp2\sekolah\vendor\codeigniter4\framework\system\CodeIgniter.php(336): CodeIgniter\CodeIgniter->handleRequest()
#16 C:\Users\s3rvantin\Documents\wp2\sekolah\vendor\codeigniter4\framework\system\CLI\Console.php(48): CodeIgniter\CodeIgniter->run()
#17 C:\Users\s3rvantin\Documents\wp2\sekolah\spark(98): CodeIgniter\CLI\Console->run()
#18 {main}
ERROR - 2022-10-15 02:09:33 --> mysqli_sql_exception: Unknown column 'created_at' in 'field list' in C:\Users\s3rvantin\Documents\wp2\sekolah\vendor\codeigniter4\framework\system\Database\MySQLi\Connection.php:292
Stack trace:
#0 C:\Users\s3rvantin\Documents\wp2\sekolah\vendor\codeigniter4\framework\system\Database\MySQLi\Connection.php(292): mysqli->query()
#1 C:\Users\s3rvantin\Documents\wp2\sekolah\vendor\codeigniter4\framework\system\Database\BaseConnection.php(693): CodeIgniter\Database\MySQLi\Connection->execute()
#2 C:\Users\s3rvantin\Documents\wp2\sekolah\vendor\codeigniter4\framework\system\Database\BaseConnection.php(620): CodeIgniter\Database\BaseConnection->simpleQuery()
#3 C:\Users\s3rvantin\Documents\wp2\sekolah\vendor\codeigniter4\framework\system\Database\BaseBuilder.php(1916): CodeIgniter\Database\BaseConnection->query()
#4 C:\Users\s3rvantin\Documents\wp2\sekolah\vendor\codeigniter4\framework\system\Model.php(279): CodeIgniter\Database\BaseBuilder->insert()
#5 C:\Users\s3rvantin\Documents\wp2\sekolah\vendor\codeigniter4\framework\system\BaseModel.php(738): CodeIgniter\Model->doInsert()
#6 C:\Users\s3rvantin\Documents\wp2\sekolah\vendor\codeigniter4\framework\system\Model.php(667): CodeIgniter\BaseModel->insert()
#7 C:\Users\s3rvantin\Documents\wp2\sekolah\app\Database\Seeds\PenilaianSeeder.php(13): CodeIgniter\Model->insert()
#8 C:\Users\s3rvantin\Documents\wp2\sekolah\vendor\codeigniter4\framework\system\Database\Seeder.php(145): App\Database\Seeds\PenilaianSeeder->run()
#9 C:\Users\s3rvantin\Documents\wp2\sekolah\vendor\codeigniter4\framework\system\Commands\Database\Seed.php(77): CodeIgniter\Database\Seeder->call()
#10 C:\Users\s3rvantin\Documents\wp2\sekolah\vendor\codeigniter4\framework\system\CLI\Commands.php(63): CodeIgniter\Commands\Database\Seed->run()
#11 C:\Users\s3rvantin\Documents\wp2\sekolah\vendor\codeigniter4\framework\system\CLI\CommandRunner.php(65): CodeIgniter\CLI\Commands->run()
#12 C:\Users\s3rvantin\Documents\wp2\sekolah\vendor\codeigniter4\framework\system\CLI\CommandRunner.php(51): CodeIgniter\CLI\CommandRunner->index()
#13 C:\Users\s3rvantin\Documents\wp2\sekolah\vendor\codeigniter4\framework\system\CodeIgniter.php(900): CodeIgniter\CLI\CommandRunner->_remap()
#14 C:\Users\s3rvantin\Documents\wp2\sekolah\vendor\codeigniter4\framework\system\CodeIgniter.php(457): CodeIgniter\CodeIgniter->runController()
#15 C:\Users\s3rvantin\Documents\wp2\sekolah\vendor\codeigniter4\framework\system\CodeIgniter.php(336): CodeIgniter\CodeIgniter->handleRequest()
#16 C:\Users\s3rvantin\Documents\wp2\sekolah\vendor\codeigniter4\framework\system\CLI\Console.php(48): CodeIgniter\CodeIgniter->run()
#17 C:\Users\s3rvantin\Documents\wp2\sekolah\spark(98): CodeIgniter\CLI\Console->run()
#18 {main}
