ERROR - 2022-10-19 02:17:02 --> Error connecting to the database: mysqli_sql_exception: Connection refused in /home/s3rvantin/Documents/asdasd/vendor/codeigniter4/framework/system/Database/MySQLi/Connection.php:171
Stack trace:
#0 /home/s3rvantin/Documents/asdasd/vendor/codeigniter4/framework/system/Database/MySQLi/Connection.php(171): mysqli->real_connect()
#1 /home/s3rvantin/Documents/asdasd/vendor/codeigniter4/framework/system/Database/BaseConnection.php(382): CodeIgniter\Database\MySQLi\Connection->connect()
#2 /home/s3rvantin/Documents/asdasd/vendor/codeigniter4/framework/system/Database/BaseConnection.php(588): CodeIgniter\Database\BaseConnection->initialize()
#3 /home/s3rvantin/Documents/asdasd/vendor/codeigniter4/framework/system/Database/BaseBuilder.php(1585): CodeIgniter\Database\BaseConnection->query()
#4 /home/s3rvantin/Documents/asdasd/vendor/codeigniter4/framework/system/Model.php(250): CodeIgniter\Database\BaseBuilder->get()
#5 /home/s3rvantin/Documents/asdasd/vendor/codeigniter4/framework/system/BaseModel.php(622): CodeIgniter\Model->doFirst()
#6 /home/s3rvantin/Documents/asdasd/app/Controllers/PegawaiController.php(19): CodeIgniter\BaseModel->first()
#7 /home/s3rvantin/Documents/asdasd/vendor/codeigniter4/framework/system/CodeIgniter.php(902): App\Controllers\PegawaiController->login()
#8 /home/s3rvantin/Documents/asdasd/vendor/codeigniter4/framework/system/CodeIgniter.php(457): CodeIgniter\CodeIgniter->runController()
#9 /home/s3rvantin/Documents/asdasd/vendor/codeigniter4/framework/system/CodeIgniter.php(340): CodeIgniter\CodeIgniter->handleRequest()
#10 /home/s3rvantin/Documents/asdasd/public/index.php(67): CodeIgniter\CodeIgniter->run()
#11 /home/s3rvantin/Documents/asdasd/vendor/codeigniter4/framework/system/Commands/Server/rewrite.php(46): require_once('/home/s3rvantin...')
#12 {main}

Next CodeIgniter\Database\Exceptions\DatabaseException: Connection refused in /home/s3rvantin/Documents/asdasd/vendor/codeigniter4/framework/system/Database/MySQLi/Connection.php:215
Stack trace:
#0 /home/s3rvantin/Documents/asdasd/vendor/codeigniter4/framework/system/Database/BaseConnection.php(382): CodeIgniter\Database\MySQLi\Connection->connect()
#1 /home/s3rvantin/Documents/asdasd/vendor/codeigniter4/framework/system/Database/BaseConnection.php(588): CodeIgniter\Database\BaseConnection->initialize()
#2 /home/s3rvantin/Documents/asdasd/vendor/codeigniter4/framework/system/Database/BaseBuilder.php(1585): CodeIgniter\Database\BaseConnection->query()
#3 /home/s3rvantin/Documents/asdasd/vendor/codeigniter4/framework/system/Model.php(250): CodeIgniter\Database\BaseBuilder->get()
#4 /home/s3rvantin/Documents/asdasd/vendor/codeigniter4/framework/system/BaseModel.php(622): CodeIgniter\Model->doFirst()
#5 /home/s3rvantin/Documents/asdasd/app/Controllers/PegawaiController.php(19): CodeIgniter\BaseModel->first()
#6 /home/s3rvantin/Documents/asdasd/vendor/codeigniter4/framework/system/CodeIgniter.php(902): App\Controllers\PegawaiController->login()
#7 /home/s3rvantin/Documents/asdasd/vendor/codeigniter4/framework/system/CodeIgniter.php(457): CodeIgniter\CodeIgniter->runController()
#8 /home/s3rvantin/Documents/asdasd/vendor/codeigniter4/framework/system/CodeIgniter.php(340): CodeIgniter\CodeIgniter->handleRequest()
#9 /home/s3rvantin/Documents/asdasd/public/index.php(67): CodeIgniter\CodeIgniter->run()
#10 /home/s3rvantin/Documents/asdasd/vendor/codeigniter4/framework/system/Commands/Server/rewrite.php(46): require_once('/home/s3rvantin...')
#11 {main}
CRITICAL - 2022-10-19 02:17:02 --> Unable to connect to the database.
Main connection [MySQLi]: Connection refused
in SYSTEMPATH/Database/BaseConnection.php on line 418.
 1 SYSTEMPATH/Database/BaseConnection.php(588): CodeIgniter\Database\BaseConnection->initialize()
 2 SYSTEMPATH/Database/BaseBuilder.php(1585): CodeIgniter\Database\BaseConnection->query()
 3 SYSTEMPATH/Model.php(250): CodeIgniter\Database\BaseBuilder->get()
 4 SYSTEMPATH/BaseModel.php(622): CodeIgniter\Model->doFirst()
 5 APPPATH/Controllers/PegawaiController.php(19): CodeIgniter\BaseModel->first()
 6 SYSTEMPATH/CodeIgniter.php(902): App\Controllers\PegawaiController->login()
 7 SYSTEMPATH/CodeIgniter.php(457): CodeIgniter\CodeIgniter->runController()
 8 SYSTEMPATH/CodeIgniter.php(340): CodeIgniter\CodeIgniter->handleRequest()
 9 FCPATH/index.php(67): CodeIgniter\CodeIgniter->run()
10 SYSTEMPATH/Commands/Server/rewrite.php(46): require_once('FCPATH/index.php')
ERROR - 2022-10-19 10:04:20 --> mysqli_sql_exception: Unknown column 'tanggal_selesai' in 'field list' in /home/s3rvantin/Documents/asdasd/vendor/codeigniter4/framework/system/Database/MySQLi/Connection.php:292
Stack trace:
#0 /home/s3rvantin/Documents/asdasd/vendor/codeigniter4/framework/system/Database/MySQLi/Connection.php(292): mysqli->query()
#1 /home/s3rvantin/Documents/asdasd/vendor/codeigniter4/framework/system/Database/BaseConnection.php(693): CodeIgniter\Database\MySQLi\Connection->execute()
#2 /home/s3rvantin/Documents/asdasd/vendor/codeigniter4/framework/system/Database/BaseConnection.php(620): CodeIgniter\Database\BaseConnection->simpleQuery()
#3 /home/s3rvantin/Documents/asdasd/vendor/codeigniter4/framework/system/Database/BaseBuilder.php(1585): CodeIgniter\Database\BaseConnection->query()
#4 /home/s3rvantin/Documents/asdasd/vendor/codeigniter4/framework/system/Model.php(772): CodeIgniter\Database\BaseBuilder->get()
#5 /home/s3rvantin/Documents/asdasd/vendor/agoenxz21/datatables/src/Datatable.php(189): CodeIgniter\Model->__call()
#6 /home/s3rvantin/Documents/asdasd/vendor/agoenxz21/datatables/src/Datatable.php(82): Agoenxz21\Datatables\Datatable->getResult()
#7 /home/s3rvantin/Documents/asdasd/app/Controllers/TahunAjaranController.php(21): Agoenxz21\Datatables\Datatable->draw()
#8 /home/s3rvantin/Documents/asdasd/vendor/codeigniter4/framework/system/CodeIgniter.php(902): App\Controllers\TahunAjaranController->all()
#9 /home/s3rvantin/Documents/asdasd/vendor/codeigniter4/framework/system/CodeIgniter.php(457): CodeIgniter\CodeIgniter->runController()
#10 /home/s3rvantin/Documents/asdasd/vendor/codeigniter4/framework/system/CodeIgniter.php(340): CodeIgniter\CodeIgniter->handleRequest()
#11 /home/s3rvantin/Documents/asdasd/public/index.php(67): CodeIgniter\CodeIgniter->run()
#12 /home/s3rvantin/Documents/asdasd/vendor/codeigniter4/framework/system/Commands/Server/rewrite.php(46): require_once('/home/s3rvantin...')
#13 {main}
CRITICAL - 2022-10-19 10:04:20 --> Unknown column 'tanggal_selesai' in 'field list'
in SYSTEMPATH/Database/MySQLi/Connection.php on line 292.
 1 SYSTEMPATH/Database/MySQLi/Connection.php(292): mysqli->query()
 2 SYSTEMPATH/Database/BaseConnection.php(693): CodeIgniter\Database\MySQLi\Connection->execute()
 3 SYSTEMPATH/Database/BaseConnection.php(620): CodeIgniter\Database\BaseConnection->simpleQuery()
 4 SYSTEMPATH/Database/BaseBuilder.php(1585): CodeIgniter\Database\BaseConnection->query()
 5 SYSTEMPATH/Model.php(772): CodeIgniter\Database\BaseBuilder->get()
 6 VENDORPATH/agoenxz21/datatables/src/Datatable.php(189): CodeIgniter\Model->__call()
 7 VENDORPATH/agoenxz21/datatables/src/Datatable.php(82): Agoenxz21\Datatables\Datatable->getResult()
 8 APPPATH/Controllers/TahunAjaranController.php(21): Agoenxz21\Datatables\Datatable->draw()
 9 SYSTEMPATH/CodeIgniter.php(902): App\Controllers\TahunAjaranController->all()
10 SYSTEMPATH/CodeIgniter.php(457): CodeIgniter\CodeIgniter->runController()
11 SYSTEMPATH/CodeIgniter.php(340): CodeIgniter\CodeIgniter->handleRequest()
12 FCPATH/index.php(67): CodeIgniter\CodeIgniter->run()
13 SYSTEMPATH/Commands/Server/rewrite.php(46): require_once('FCPATH/index.php')
