ERROR - 2022-10-10 03:02:39 --> mysqli_sql_exception: Can't create database 'sekolah'; database exists in C:\Users\s3rvantin\Documents\wp2\sekolah\vendor\codeigniter4\framework\system\Database\MySQLi\Connection.php:292
Stack trace:
#0 C:\Users\s3rvantin\Documents\wp2\sekolah\vendor\codeigniter4\framework\system\Database\MySQLi\Connection.php(292): mysqli->query()
#1 C:\Users\s3rvantin\Documents\wp2\sekolah\vendor\codeigniter4\framework\system\Database\BaseConnection.php(693): CodeIgniter\Database\MySQLi\Connection->execute()
#2 C:\Users\s3rvantin\Documents\wp2\sekolah\vendor\codeigniter4\framework\system\Database\BaseConnection.php(620): CodeIgniter\Database\BaseConnection->simpleQuery()
#3 C:\Users\s3rvantin\Documents\wp2\sekolah\vendor\codeigniter4\framework\system\Database\Forge.php(223): CodeIgniter\Database\BaseConnection->query()
#4 C:\Users\s3rvantin\Documents\wp2\sekolah\vendor\codeigniter4\framework\system\Commands\Database\CreateDatabase.php(137): CodeIgniter\Database\Forge->createDatabase()
#5 C:\Users\s3rvantin\Documents\wp2\sekolah\vendor\codeigniter4\framework\system\CLI\Commands.php(63): CodeIgniter\Commands\Database\CreateDatabase->run()
#6 C:\Users\s3rvantin\Documents\wp2\sekolah\vendor\codeigniter4\framework\system\CLI\CommandRunner.php(65): CodeIgniter\CLI\Commands->run()
#7 C:\Users\s3rvantin\Documents\wp2\sekolah\vendor\codeigniter4\framework\system\CLI\CommandRunner.php(51): CodeIgniter\CLI\CommandRunner->index()
#8 C:\Users\s3rvantin\Documents\wp2\sekolah\vendor\codeigniter4\framework\system\CodeIgniter.php(900): CodeIgniter\CLI\CommandRunner->_remap()
#9 C:\Users\s3rvantin\Documents\wp2\sekolah\vendor\codeigniter4\framework\system\CodeIgniter.php(457): CodeIgniter\CodeIgniter->runController()
#10 C:\Users\s3rvantin\Documents\wp2\sekolah\vendor\codeigniter4\framework\system\CodeIgniter.php(336): CodeIgniter\CodeIgniter->handleRequest()
#11 C:\Users\s3rvantin\Documents\wp2\sekolah\vendor\codeigniter4\framework\system\CLI\Console.php(48): CodeIgniter\CodeIgniter->run()
#12 C:\Users\s3rvantin\Documents\wp2\sekolah\spark(98): CodeIgniter\CLI\Console->run()
#13 {main}
ERROR - 2022-10-10 03:03:44 --> mysqli_sql_exception: Can't create table `sistemsekolah`.`arsip` (errno: 150 "Foreign key constraint is incorrectly formed") in C:\Users\s3rvantin\Documents\wp2\sekolah\vendor\codeigniter4\framework\system\Database\MySQLi\Connection.php:292
Stack trace:
#0 C:\Users\s3rvantin\Documents\wp2\sekolah\vendor\codeigniter4\framework\system\Database\MySQLi\Connection.php(292): mysqli->query()
#1 C:\Users\s3rvantin\Documents\wp2\sekolah\vendor\codeigniter4\framework\system\Database\BaseConnection.php(693): CodeIgniter\Database\MySQLi\Connection->execute()
#2 C:\Users\s3rvantin\Documents\wp2\sekolah\vendor\codeigniter4\framework\system\Database\BaseConnection.php(620): CodeIgniter\Database\BaseConnection->simpleQuery()
#3 C:\Users\s3rvantin\Documents\wp2\sekolah\vendor\codeigniter4\framework\system\Database\Forge.php(509): CodeIgniter\Database\BaseConnection->query()
#4 C:\Users\s3rvantin\Documents\wp2\sekolah\app\Database\Migrations\2022-10-02-183322_Arsip.php(26): CodeIgniter\Database\Forge->createTable()
#5 C:\Users\s3rvantin\Documents\wp2\sekolah\vendor\codeigniter4\framework\system\Database\MigrationRunner.php(868): App\Database\Migrations\Arsip->up()
#6 C:\Users\s3rvantin\Documents\wp2\sekolah\vendor\codeigniter4\framework\system\Database\MigrationRunner.php(187): CodeIgniter\Database\MigrationRunner->migrate()
#7 C:\Users\s3rvantin\Documents\wp2\sekolah\vendor\codeigniter4\framework\system\Commands\Database\Migrate.php(84): CodeIgniter\Database\MigrationRunner->latest()
#8 C:\Users\s3rvantin\Documents\wp2\sekolah\vendor\codeigniter4\framework\system\CLI\Commands.php(63): CodeIgniter\Commands\Database\Migrate->run()
#9 C:\Users\s3rvantin\Documents\wp2\sekolah\vendor\codeigniter4\framework\system\CLI\CommandRunner.php(65): CodeIgniter\CLI\Commands->run()
#10 C:\Users\s3rvantin\Documents\wp2\sekolah\vendor\codeigniter4\framework\system\CLI\CommandRunner.php(51): CodeIgniter\CLI\CommandRunner->index()
#11 C:\Users\s3rvantin\Documents\wp2\sekolah\vendor\codeigniter4\framework\system\CodeIgniter.php(900): CodeIgniter\CLI\CommandRunner->_remap()
#12 C:\Users\s3rvantin\Documents\wp2\sekolah\vendor\codeigniter4\framework\system\CodeIgniter.php(457): CodeIgniter\CodeIgniter->runController()
#13 C:\Users\s3rvantin\Documents\wp2\sekolah\vendor\codeigniter4\framework\system\CodeIgniter.php(336): CodeIgniter\CodeIgniter->handleRequest()
#14 C:\Users\s3rvantin\Documents\wp2\sekolah\vendor\codeigniter4\framework\system\CLI\Console.php(48): CodeIgniter\CodeIgniter->run()
#15 C:\Users\s3rvantin\Documents\wp2\sekolah\spark(98): CodeIgniter\CLI\Console->run()
#16 {main}
ERROR - 2022-10-10 03:04:19 --> Error connecting to the database: Error: Class "SQLite3" not found in C:\Users\s3rvantin\Documents\wp2\sekolah\vendor\codeigniter4\framework\system\Database\SQLite3\Connection.php:74
Stack trace:
#0 C:\Users\s3rvantin\Documents\wp2\sekolah\vendor\codeigniter4\framework\system\Database\BaseConnection.php(382): CodeIgniter\Database\SQLite3\Connection->connect()
#1 C:\Users\s3rvantin\Documents\wp2\sekolah\vendor\codeigniter4\framework\system\Database\SQLite3\Connection.php(48): CodeIgniter\Database\BaseConnection->initialize()
#2 C:\Users\s3rvantin\Documents\wp2\sekolah\vendor\codeigniter4\framework\system\Test\DatabaseTestTrait.php(74): CodeIgniter\Database\SQLite3\Connection->initialize()
#3 C:\Users\s3rvantin\Documents\wp2\sekolah\vendor\codeigniter4\framework\system\Test\DatabaseTestTrait.php(54): ExampleDatabaseTest->loadDependencies()
#4 C:\Users\s3rvantin\Documents\wp2\sekolah\vendor\codeigniter4\framework\system\Test\CIUnitTestCase.php(247): ExampleDatabaseTest->setUpDatabase()
#5 C:\Users\s3rvantin\Documents\wp2\sekolah\vendor\phpunit\phpunit\src\Framework\TestCase.php(1147): CodeIgniter\Test\CIUnitTestCase->setUp()
#6 C:\Users\s3rvantin\Documents\wp2\sekolah\vendor\phpunit\phpunit\src\Framework\TestResult.php(728): PHPUnit\Framework\TestCase->runBare()
#7 C:\Users\s3rvantin\Documents\wp2\sekolah\vendor\phpunit\phpunit\src\Framework\TestCase.php(904): PHPUnit\Framework\TestResult->run()
#8 C:\Users\s3rvantin\Documents\wp2\sekolah\vendor\phpunit\phpunit\src\Framework\TestSuite.php(673): PHPUnit\Framework\TestCase->run()
#9 C:\Users\s3rvantin\Documents\wp2\sekolah\vendor\phpunit\phpunit\src\Framework\TestSuite.php(673): PHPUnit\Framework\TestSuite->run()
#10 C:\Users\s3rvantin\Documents\wp2\sekolah\vendor\phpunit\phpunit\src\Framework\TestSuite.php(673): PHPUnit\Framework\TestSuite->run()
#11 C:\Users\s3rvantin\Documents\wp2\sekolah\vendor\phpunit\phpunit\src\TextUI\TestRunner.php(673): PHPUnit\Framework\TestSuite->run()
#12 C:\Users\s3rvantin\Documents\wp2\sekolah\vendor\phpunit\phpunit\src\TextUI\Command.php(144): PHPUnit\TextUI\TestRunner->run()
#13 C:\Users\s3rvantin\Documents\wp2\sekolah\vendor\phpunit\phpunit\src\TextUI\Command.php(97): PHPUnit\TextUI\Command->run()
#14 C:\Users\s3rvantin\Documents\wp2\sekolah\vendor\phpunit\phpunit\phpunit(98): PHPUnit\TextUI\Command::main()
#15 C:\Users\s3rvantin\Documents\wp2\sekolah\vendor\bin\phpunit(123): include('...')
#16 {main}
ERROR - 2022-10-10 03:04:19 --> Error connecting to the database: Error: Class "SQLite3" not found in C:\Users\s3rvantin\Documents\wp2\sekolah\vendor\codeigniter4\framework\system\Database\SQLite3\Connection.php:74
Stack trace:
#0 C:\Users\s3rvantin\Documents\wp2\sekolah\vendor\codeigniter4\framework\system\Database\BaseConnection.php(382): CodeIgniter\Database\SQLite3\Connection->connect()
#1 C:\Users\s3rvantin\Documents\wp2\sekolah\vendor\codeigniter4\framework\system\Database\SQLite3\Connection.php(48): CodeIgniter\Database\BaseConnection->initialize()
#2 C:\Users\s3rvantin\Documents\wp2\sekolah\vendor\codeigniter4\framework\system\Test\DatabaseTestTrait.php(74): CodeIgniter\Database\SQLite3\Connection->initialize()
#3 C:\Users\s3rvantin\Documents\wp2\sekolah\vendor\codeigniter4\framework\system\Test\DatabaseTestTrait.php(54): ExampleDatabaseTest->loadDependencies()
#4 C:\Users\s3rvantin\Documents\wp2\sekolah\vendor\codeigniter4\framework\system\Test\CIUnitTestCase.php(247): ExampleDatabaseTest->setUpDatabase()
#5 C:\Users\s3rvantin\Documents\wp2\sekolah\vendor\phpunit\phpunit\src\Framework\TestCase.php(1147): CodeIgniter\Test\CIUnitTestCase->setUp()
#6 C:\Users\s3rvantin\Documents\wp2\sekolah\vendor\phpunit\phpunit\src\Framework\TestResult.php(728): PHPUnit\Framework\TestCase->runBare()
#7 C:\Users\s3rvantin\Documents\wp2\sekolah\vendor\phpunit\phpunit\src\Framework\TestCase.php(904): PHPUnit\Framework\TestResult->run()
#8 C:\Users\s3rvantin\Documents\wp2\sekolah\vendor\phpunit\phpunit\src\Framework\TestSuite.php(673): PHPUnit\Framework\TestCase->run()
#9 C:\Users\s3rvantin\Documents\wp2\sekolah\vendor\phpunit\phpunit\src\Framework\TestSuite.php(673): PHPUnit\Framework\TestSuite->run()
#10 C:\Users\s3rvantin\Documents\wp2\sekolah\vendor\phpunit\phpunit\src\Framework\TestSuite.php(673): PHPUnit\Framework\TestSuite->run()
#11 C:\Users\s3rvantin\Documents\wp2\sekolah\vendor\phpunit\phpunit\src\TextUI\TestRunner.php(673): PHPUnit\Framework\TestSuite->run()
#12 C:\Users\s3rvantin\Documents\wp2\sekolah\vendor\phpunit\phpunit\src\TextUI\Command.php(144): PHPUnit\TextUI\TestRunner->run()
#13 C:\Users\s3rvantin\Documents\wp2\sekolah\vendor\phpunit\phpunit\src\TextUI\Command.php(97): PHPUnit\TextUI\Command->run()
#14 C:\Users\s3rvantin\Documents\wp2\sekolah\vendor\phpunit\phpunit\phpunit(98): PHPUnit\TextUI\Command::main()
#15 C:\Users\s3rvantin\Documents\wp2\sekolah\vendor\bin\phpunit(123): include('...')
#16 {main}
