ERROR - 2022-11-05 01:42:52 --> Error connecting to the database: mysqli_sql_exception: Unknown database 'db_sekolah' in C:\Users\s3rvantin\Documents\wp2\asdasd\vendor\codeigniter4\framework\system\Database\MySQLi\Connection.php:171
Stack trace:
#0 C:\Users\s3rvantin\Documents\wp2\asdasd\vendor\codeigniter4\framework\system\Database\MySQLi\Connection.php(171): mysqli->real_connect()
#1 C:\Users\s3rvantin\Documents\wp2\asdasd\vendor\codeigniter4\framework\system\Database\BaseConnection.php(382): CodeIgniter\Database\MySQLi\Connection->connect()
#2 C:\Users\s3rvantin\Documents\wp2\asdasd\vendor\codeigniter4\framework\system\Database\BaseConnection.php(588): CodeIgniter\Database\BaseConnection->initialize()
#3 C:\Users\s3rvantin\Documents\wp2\asdasd\vendor\codeigniter4\framework\system\Database\BaseConnection.php(1387): CodeIgniter\Database\BaseConnection->query()
#4 C:\Users\s3rvantin\Documents\wp2\asdasd\vendor\codeigniter4\framework\system\Database\BaseConnection.php(1421): CodeIgniter\Database\BaseConnection->listTables()
#5 C:\Users\s3rvantin\Documents\wp2\asdasd\vendor\codeigniter4\framework\system\Database\MigrationRunner.php(759): CodeIgniter\Database\BaseConnection->tableExists()
#6 C:\Users\s3rvantin\Documents\wp2\asdasd\vendor\codeigniter4\framework\system\Database\MigrationRunner.php(167): CodeIgniter\Database\MigrationRunner->ensureTable()
#7 C:\Users\s3rvantin\Documents\wp2\asdasd\vendor\codeigniter4\framework\system\Commands\Database\Migrate.php(84): CodeIgniter\Database\MigrationRunner->latest()
#8 C:\Users\s3rvantin\Documents\wp2\asdasd\vendor\codeigniter4\framework\system\CLI\Commands.php(63): CodeIgniter\Commands\Database\Migrate->run()
#9 C:\Users\s3rvantin\Documents\wp2\asdasd\vendor\codeigniter4\framework\system\CLI\CommandRunner.php(65): CodeIgniter\CLI\Commands->run()
#10 C:\Users\s3rvantin\Documents\wp2\asdasd\vendor\codeigniter4\framework\system\CLI\CommandRunner.php(51): CodeIgniter\CLI\CommandRunner->index()
#11 C:\Users\s3rvantin\Documents\wp2\asdasd\vendor\codeigniter4\framework\system\CodeIgniter.php(895): CodeIgniter\CLI\CommandRunner->_remap()
#12 C:\Users\s3rvantin\Documents\wp2\asdasd\vendor\codeigniter4\framework\system\CodeIgniter.php(457): CodeIgniter\CodeIgniter->runController()
#13 C:\Users\s3rvantin\Documents\wp2\asdasd\vendor\codeigniter4\framework\system\CodeIgniter.php(336): CodeIgniter\CodeIgniter->handleRequest()
#14 C:\Users\s3rvantin\Documents\wp2\asdasd\vendor\codeigniter4\framework\system\CLI\Console.php(48): CodeIgniter\CodeIgniter->run()
#15 C:\Users\s3rvantin\Documents\wp2\asdasd\spark(98): CodeIgniter\CLI\Console->run()
#16 {main}

Next CodeIgniter\Database\Exceptions\DatabaseException: Unknown database 'db_sekolah' in C:\Users\s3rvantin\Documents\wp2\asdasd\vendor\codeigniter4\framework\system\Database\MySQLi\Connection.php:215
Stack trace:
#0 C:\Users\s3rvantin\Documents\wp2\asdasd\vendor\codeigniter4\framework\system\Database\BaseConnection.php(382): CodeIgniter\Database\MySQLi\Connection->connect()
#1 C:\Users\s3rvantin\Documents\wp2\asdasd\vendor\codeigniter4\framework\system\Database\BaseConnection.php(588): CodeIgniter\Database\BaseConnection->initialize()
#2 C:\Users\s3rvantin\Documents\wp2\asdasd\vendor\codeigniter4\framework\system\Database\BaseConnection.php(1387): CodeIgniter\Database\BaseConnection->query()
#3 C:\Users\s3rvantin\Documents\wp2\asdasd\vendor\codeigniter4\framework\system\Database\BaseConnection.php(1421): CodeIgniter\Database\BaseConnection->listTables()
#4 C:\Users\s3rvantin\Documents\wp2\asdasd\vendor\codeigniter4\framework\system\Database\MigrationRunner.php(759): CodeIgniter\Database\BaseConnection->tableExists()
#5 C:\Users\s3rvantin\Documents\wp2\asdasd\vendor\codeigniter4\framework\system\Database\MigrationRunner.php(167): CodeIgniter\Database\MigrationRunner->ensureTable()
#6 C:\Users\s3rvantin\Documents\wp2\asdasd\vendor\codeigniter4\framework\system\Commands\Database\Migrate.php(84): CodeIgniter\Database\MigrationRunner->latest()
#7 C:\Users\s3rvantin\Documents\wp2\asdasd\vendor\codeigniter4\framework\system\CLI\Commands.php(63): CodeIgniter\Commands\Database\Migrate->run()
#8 C:\Users\s3rvantin\Documents\wp2\asdasd\vendor\codeigniter4\framework\system\CLI\CommandRunner.php(65): CodeIgniter\CLI\Commands->run()
#9 C:\Users\s3rvantin\Documents\wp2\asdasd\vendor\codeigniter4\framework\system\CLI\CommandRunner.php(51): CodeIgniter\CLI\CommandRunner->index()
#10 C:\Users\s3rvantin\Documents\wp2\asdasd\vendor\codeigniter4\framework\system\CodeIgniter.php(895): CodeIgniter\CLI\CommandRunner->_remap()
#11 C:\Users\s3rvantin\Documents\wp2\asdasd\vendor\codeigniter4\framework\system\CodeIgniter.php(457): CodeIgniter\CodeIgniter->runController()
#12 C:\Users\s3rvantin\Documents\wp2\asdasd\vendor\codeigniter4\framework\system\CodeIgniter.php(336): CodeIgniter\CodeIgniter->handleRequest()
#13 C:\Users\s3rvantin\Documents\wp2\asdasd\vendor\codeigniter4\framework\system\CLI\Console.php(48): CodeIgniter\CodeIgniter->run()
#14 C:\Users\s3rvantin\Documents\wp2\asdasd\spark(98): CodeIgniter\CLI\Console->run()
#15 {main}
ERROR - 2022-11-05 01:51:01 --> mysqli_sql_exception: Cannot add or update a child row: a foreign key constraint fails (`db_sekolah`.`jadwal`, CONSTRAINT `jadwal_kelas_id_foreign` FOREIGN KEY (`kelas_id`) REFERENCES `kelas` (`id`) ON DELETE CASCADE ON UPDATE CASCADE) in C:\Users\s3rvantin\Documents\wp2\asdasd\vendor\codeigniter4\framework\system\Database\MySQLi\Connection.php:292
Stack trace:
#0 C:\Users\s3rvantin\Documents\wp2\asdasd\vendor\codeigniter4\framework\system\Database\MySQLi\Connection.php(292): mysqli->query()
#1 C:\Users\s3rvantin\Documents\wp2\asdasd\vendor\codeigniter4\framework\system\Database\BaseConnection.php(693): CodeIgniter\Database\MySQLi\Connection->execute()
#2 C:\Users\s3rvantin\Documents\wp2\asdasd\vendor\codeigniter4\framework\system\Database\BaseConnection.php(620): CodeIgniter\Database\BaseConnection->simpleQuery()
#3 C:\Users\s3rvantin\Documents\wp2\asdasd\vendor\codeigniter4\framework\system\Database\BaseBuilder.php(1916): CodeIgniter\Database\BaseConnection->query()
#4 C:\Users\s3rvantin\Documents\wp2\asdasd\vendor\codeigniter4\framework\system\Model.php(279): CodeIgniter\Database\BaseBuilder->insert()
#5 C:\Users\s3rvantin\Documents\wp2\asdasd\vendor\codeigniter4\framework\system\BaseModel.php(748): CodeIgniter\Model->doInsert()
#6 C:\Users\s3rvantin\Documents\wp2\asdasd\vendor\codeigniter4\framework\system\Model.php(667): CodeIgniter\BaseModel->insert()
#7 C:\Users\s3rvantin\Documents\wp2\asdasd\app\Database\Seeds\JadwalSeeder.php(13): CodeIgniter\Model->insert()
#8 C:\Users\s3rvantin\Documents\wp2\asdasd\vendor\codeigniter4\framework\system\Database\Seeder.php(145): App\Database\Seeds\JadwalSeeder->run()
#9 C:\Users\s3rvantin\Documents\wp2\asdasd\vendor\codeigniter4\framework\system\Commands\Database\Seed.php(77): CodeIgniter\Database\Seeder->call()
#10 C:\Users\s3rvantin\Documents\wp2\asdasd\vendor\codeigniter4\framework\system\CLI\Commands.php(63): CodeIgniter\Commands\Database\Seed->run()
#11 C:\Users\s3rvantin\Documents\wp2\asdasd\vendor\codeigniter4\framework\system\CLI\CommandRunner.php(65): CodeIgniter\CLI\Commands->run()
#12 C:\Users\s3rvantin\Documents\wp2\asdasd\vendor\codeigniter4\framework\system\CLI\CommandRunner.php(51): CodeIgniter\CLI\CommandRunner->index()
#13 C:\Users\s3rvantin\Documents\wp2\asdasd\vendor\codeigniter4\framework\system\CodeIgniter.php(895): CodeIgniter\CLI\CommandRunner->_remap()
#14 C:\Users\s3rvantin\Documents\wp2\asdasd\vendor\codeigniter4\framework\system\CodeIgniter.php(457): CodeIgniter\CodeIgniter->runController()
#15 C:\Users\s3rvantin\Documents\wp2\asdasd\vendor\codeigniter4\framework\system\CodeIgniter.php(336): CodeIgniter\CodeIgniter->handleRequest()
#16 C:\Users\s3rvantin\Documents\wp2\asdasd\vendor\codeigniter4\framework\system\CLI\Console.php(48): CodeIgniter\CodeIgniter->run()
#17 C:\Users\s3rvantin\Documents\wp2\asdasd\spark(98): CodeIgniter\CLI\Console->run()
#18 {main}
ERROR - 2022-11-05 01:55:00 --> mysqli_sql_exception: Cannot add or update a child row: a foreign key constraint fails (`db_sekolah`.`kehadiran_guru`, CONSTRAINT `kehadiran_guru_jadwal_id_foreign` FOREIGN KEY (`jadwal_id`) REFERENCES `jadwal` (`id`) ON DELETE CASCADE ON UPDATE CASCADE) in C:\Users\s3rvantin\Documents\wp2\asdasd\vendor\codeigniter4\framework\system\Database\MySQLi\Connection.php:292
Stack trace:
#0 C:\Users\s3rvantin\Documents\wp2\asdasd\vendor\codeigniter4\framework\system\Database\MySQLi\Connection.php(292): mysqli->query()
#1 C:\Users\s3rvantin\Documents\wp2\asdasd\vendor\codeigniter4\framework\system\Database\BaseConnection.php(693): CodeIgniter\Database\MySQLi\Connection->execute()
#2 C:\Users\s3rvantin\Documents\wp2\asdasd\vendor\codeigniter4\framework\system\Database\BaseConnection.php(620): CodeIgniter\Database\BaseConnection->simpleQuery()
#3 C:\Users\s3rvantin\Documents\wp2\asdasd\vendor\codeigniter4\framework\system\Database\BaseBuilder.php(1916): CodeIgniter\Database\BaseConnection->query()
#4 C:\Users\s3rvantin\Documents\wp2\asdasd\vendor\codeigniter4\framework\system\Model.php(279): CodeIgniter\Database\BaseBuilder->insert()
#5 C:\Users\s3rvantin\Documents\wp2\asdasd\vendor\codeigniter4\framework\system\BaseModel.php(748): CodeIgniter\Model->doInsert()
#6 C:\Users\s3rvantin\Documents\wp2\asdasd\vendor\codeigniter4\framework\system\Model.php(667): CodeIgniter\BaseModel->insert()
#7 C:\Users\s3rvantin\Documents\wp2\asdasd\app\Database\Seeds\KehadiranGuruSeeder.php(13): CodeIgniter\Model->insert()
#8 C:\Users\s3rvantin\Documents\wp2\asdasd\vendor\codeigniter4\framework\system\Database\Seeder.php(145): App\Database\Seeds\KehadiranGuruSeeder->run()
#9 C:\Users\s3rvantin\Documents\wp2\asdasd\vendor\codeigniter4\framework\system\Commands\Database\Seed.php(77): CodeIgniter\Database\Seeder->call()
#10 C:\Users\s3rvantin\Documents\wp2\asdasd\vendor\codeigniter4\framework\system\CLI\Commands.php(63): CodeIgniter\Commands\Database\Seed->run()
#11 C:\Users\s3rvantin\Documents\wp2\asdasd\vendor\codeigniter4\framework\system\CLI\CommandRunner.php(65): CodeIgniter\CLI\Commands->run()
#12 C:\Users\s3rvantin\Documents\wp2\asdasd\vendor\codeigniter4\framework\system\CLI\CommandRunner.php(51): CodeIgniter\CLI\CommandRunner->index()
#13 C:\Users\s3rvantin\Documents\wp2\asdasd\vendor\codeigniter4\framework\system\CodeIgniter.php(895): CodeIgniter\CLI\CommandRunner->_remap()
#14 C:\Users\s3rvantin\Documents\wp2\asdasd\vendor\codeigniter4\framework\system\CodeIgniter.php(457): CodeIgniter\CodeIgniter->runController()
#15 C:\Users\s3rvantin\Documents\wp2\asdasd\vendor\codeigniter4\framework\system\CodeIgniter.php(336): CodeIgniter\CodeIgniter->handleRequest()
#16 C:\Users\s3rvantin\Documents\wp2\asdasd\vendor\codeigniter4\framework\system\CLI\Console.php(48): CodeIgniter\CodeIgniter->run()
#17 C:\Users\s3rvantin\Documents\wp2\asdasd\spark(98): CodeIgniter\CLI\Console->run()
#18 {main}
